mem[ 0 ] 0x00810014
mem[ 1 ] 0x00820015
mem[ 2 ] 0x00840013
mem[ 3 ] 0x00860012
mem[ 4 ] 0x00180000
mem[ 5 ] 0x0130000A
mem[ 6 ] 0x00520005
mem[ 7 ] 0x00640007
mem[ 8 ] 0x006F0005
mem[ 9 ] 0x01280001
mem[ 10 ] 0x00190003
mem[ 11 ] 0x00240004
mem[ 12 ] 0x00870011
mem[ 13 ] 0x003E0006
mem[ 14 ] 0x00090001
mem[ 15 ] 0x0100FFF5
mem[ 16 ] 0x01800000
mem[ 17 ] 0xFFFFFFFF
mem[ 18 ] 0x00000008
mem[ 19 ] 0x00000001
mem[ 20 ] 0x00000006
mem[ 21 ] 0x00000005

@@@
state:
	pc 0
	memory:
		mem[ 0 ] 0x00810014
		mem[ 1 ] 0x00820015
		mem[ 2 ] 0x00840013
		mem[ 3 ] 0x00860012
		mem[ 4 ] 0x00180000
		mem[ 5 ] 0x0130000A
		mem[ 6 ] 0x00520005
		mem[ 7 ] 0x00640007
		mem[ 8 ] 0x006F0005
		mem[ 9 ] 0x01280001
		mem[ 10 ] 0x00190003
		mem[ 11 ] 0x00240004
		mem[ 12 ] 0x00870011
		mem[ 13 ] 0x003E0006
		mem[ 14 ] 0x00090001
		mem[ 15 ] 0x0100FFF5
		mem[ 16 ] 0x01800000
		mem[ 17 ] 0xFFFFFFFF
		mem[ 18 ] 0x00000008
		mem[ 19 ] 0x00000001
		mem[ 20 ] 0x00000006
		mem[ 21 ] 0x00000005
	registers:
		reg[ 0 ] 0
		reg[ 1 ] 0
		reg[ 2 ] 0
		reg[ 3 ] 0
		reg[ 4 ] 0
		reg[ 5 ] 0
		reg[ 6 ] 0
		reg[ 7 ] 0
end state

@@@
state:
	pc 1
	memory:
		mem[ 0 ] 0x00810014
		mem[ 1 ] 0x00820015
		mem[ 2 ] 0x00840013
		mem[ 3 ] 0x00860012
		mem[ 4 ] 0x00180000
		mem[ 5 ] 0x0130000A
		mem[ 6 ] 0x00520005
		mem[ 7 ] 0x00640007
		mem[ 8 ] 0x006F0005
		mem[ 9 ] 0x01280001
		mem[ 10 ] 0x00190003
		mem[ 11 ] 0x00240004
		mem[ 12 ] 0x00870011
		mem[ 13 ] 0x003E0006
		mem[ 14 ] 0x00090001
		mem[ 15 ] 0x0100FFF5
		mem[ 16 ] 0x01800000
		mem[ 17 ] 0xFFFFFFFF
		mem[ 18 ] 0x00000008
		mem[ 19 ] 0x00000001
		mem[ 20 ] 0x00000006
		mem[ 21 ] 0x00000005
	registers:
		reg[ 0 ] 0
		reg[ 1 ] 6
		reg[ 2 ] 0
		reg[ 3 ] 0
		reg[ 4 ] 0
		reg[ 5 ] 0
		reg[ 6 ] 0
		reg[ 7 ] 0
end state

@@@
state:
	pc 2
	memory:
		mem[ 0 ] 0x00810014
		mem[ 1 ] 0x00820015
		mem[ 2 ] 0x00840013
		mem[ 3 ] 0x00860012
		mem[ 4 ] 0x00180000
		mem[ 5 ] 0x0130000A
		mem[ 6 ] 0x00520005
		mem[ 7 ] 0x00640007
		mem[ 8 ] 0x006F0005
		mem[ 9 ] 0x01280001
		mem[ 10 ] 0x00190003
		mem[ 11 ] 0x00240004
		mem[ 12 ] 0x00870011
		mem[ 13 ] 0x003E0006
		mem[ 14 ] 0x00090001
		mem[ 15 ] 0x0100FFF5
		mem[ 16 ] 0x01800000
		mem[ 17 ] 0xFFFFFFFF
		mem[ 18 ] 0x00000008
		mem[ 19 ] 0x00000001
		mem[ 20 ] 0x00000006
		mem[ 21 ] 0x00000005
	registers:
		reg[ 0 ] 0
		reg[ 1 ] 6
		reg[ 2 ] 5
		reg[ 3 ] 0
		reg[ 4 ] 0
		reg[ 5 ] 0
		reg[ 6 ] 0
		reg[ 7 ] 0
end state

@@@
state:
	pc 3
	memory:
		mem[ 0 ] 0x00810014
		mem[ 1 ] 0x00820015
		mem[ 2 ] 0x00840013
		mem[ 3 ] 0x00860012
		mem[ 4 ] 0x00180000
		mem[ 5 ] 0x0130000A
		mem[ 6 ] 0x00520005
		mem[ 7 ] 0x00640007
		mem[ 8 ] 0x006F0005
		mem[ 9 ] 0x01280001
		mem[ 10 ] 0x00190003
		mem[ 11 ] 0x00240004
		mem[ 12 ] 0x00870011
		mem[ 13 ] 0x003E0006
		mem[ 14 ] 0x00090001
		mem[ 15 ] 0x0100FFF5
		mem[ 16 ] 0x01800000
		mem[ 17 ] 0xFFFFFFFF
		mem[ 18 ] 0x00000008
		mem[ 19 ] 0x00000001
		mem[ 20 ] 0x00000006
		mem[ 21 ] 0x00000005
	registers:
		reg[ 0 ] 0
		reg[ 1 ] 6
		reg[ 2 ] 5
		reg[ 3 ] 0
		reg[ 4 ] 1
		reg[ 5 ] 0
		reg[ 6 ] 0
		reg[ 7 ] 0
end state

@@@
state:
	pc 4
	memory:
		mem[ 0 ] 0x00810014
		mem[ 1 ] 0x00820015
		mem[ 2 ] 0x00840013
		mem[ 3 ] 0x00860012
		mem[ 4 ] 0x00180000
		mem[ 5 ] 0x0130000A
		mem[ 6 ] 0x00520005
		mem[ 7 ] 0x00640007
		mem[ 8 ] 0x006F0005
		mem[ 9 ] 0x01280001
		mem[ 10 ] 0x00190003
		mem[ 11 ] 0x00240004
		mem[ 12 ] 0x00870011
		mem[ 13 ] 0x003E0006
		mem[ 14 ] 0x00090001
		mem[ 15 ] 0x0100FFF5
		mem[ 16 ] 0x01800000
		mem[ 17 ] 0xFFFFFFFF
		mem[ 18 ] 0x00000008
		mem[ 19 ] 0x00000001
		mem[ 20 ] 0x00000006
		mem[ 21 ] 0x00000005
	registers:
		reg[ 0 ] 0
		reg[ 1 ] 6
		reg[ 2 ] 5
		reg[ 3 ] 0
		reg[ 4 ] 1
		reg[ 5 ] 0
		reg[ 6 ] 8
		reg[ 7 ] 0
end state

@@@
state:
	pc 5
	memory:
		mem[ 0 ] 0x00810014
		mem[ 1 ] 0x00820015
		mem[ 2 ] 0x00840013
		mem[ 3 ] 0x00860012
		mem[ 4 ] 0x00180000
		mem[ 5 ] 0x0130000A
		mem[ 6 ] 0x00520005
		mem[ 7 ] 0x00640007
		mem[ 8 ] 0x006F0005
		mem[ 9 ] 0x01280001
		mem[ 10 ] 0x00190003
		mem[ 11 ] 0x00240004
		mem[ 12 ] 0x00870011
		mem[ 13 ] 0x003E0006
		mem[ 14 ] 0x00090001
		mem[ 15 ] 0x0100FFF5
		mem[ 16 ] 0x01800000
		mem[ 17 ] 0xFFFFFFFF
		mem[ 18 ] 0x00000008
		mem[ 19 ] 0x00000001
		mem[ 20 ] 0x00000006
		mem[ 21 ] 0x00000005
	registers:
		reg[ 0 ] 0
		reg[ 1 ] 6
		reg[ 2 ] 5
		reg[ 3 ] 0
		reg[ 4 ] 1
		reg[ 5 ] 0
		reg[ 6 ] 8
		reg[ 7 ] 0
end state

@@@
state:
	pc 6
	memory:
		mem[ 0 ] 0x00810014
		mem[ 1 ] 0x00820015
		mem[ 2 ] 0x00840013
		mem[ 3 ] 0x00860012
		mem[ 4 ] 0x00180000
		mem[ 5 ] 0x0130000A
		mem[ 6 ] 0x00520005
		mem[ 7 ] 0x00640007
		mem[ 8 ] 0x006F0005
		mem[ 9 ] 0x01280001
		mem[ 10 ] 0x00190003
		mem[ 11 ] 0x00240004
		mem[ 12 ] 0x00870011
		mem[ 13 ] 0x003E0006
		mem[ 14 ] 0x00090001
		mem[ 15 ] 0x0100FFF5
		mem[ 16 ] 0x01800000
		mem[ 17 ] 0xFFFFFFFF
		mem[ 18 ] 0x00000008
		mem[ 19 ] 0x00000001
		mem[ 20 ] 0x00000006
		mem[ 21 ] 0x00000005
	registers:
		reg[ 0 ] 0
		reg[ 1 ] 6
		reg[ 2 ] 5
		reg[ 3 ] 0
		reg[ 4 ] 1
		reg[ 5 ] 0
		reg[ 6 ] 8
		reg[ 7 ] 0
end state

@@@
state:
	pc 7
	memory:
		mem[ 0 ] 0x00810014
		mem[ 1 ] 0x00820015
		mem[ 2 ] 0x00840013
		mem[ 3 ] 0x00860012
		mem[ 4 ] 0x00180000
		mem[ 5 ] 0x0130000A
		mem[ 6 ] 0x00520005
		mem[ 7 ] 0x00640007
		mem[ 8 ] 0x006F0005
		mem[ 9 ] 0x01280001
		mem[ 10 ] 0x00190003
		mem[ 11 ] 0x00240004
		mem[ 12 ] 0x00870011
		mem[ 13 ] 0x003E0006
		mem[ 14 ] 0x00090001
		mem[ 15 ] 0x0100FFF5
		mem[ 16 ] 0x01800000
		mem[ 17 ] 0xFFFFFFFF
		mem[ 18 ] 0x00000008
		mem[ 19 ] 0x00000001
		mem[ 20 ] 0x00000006
		mem[ 21 ] 0x00000005
	registers:
		reg[ 0 ] 0
		reg[ 1 ] 6
		reg[ 2 ] 5
		reg[ 3 ] 0
		reg[ 4 ] 1
		reg[ 5 ] -6
		reg[ 6 ] 8
		reg[ 7 ] 0
end state

@@@
state:
	pc 8
	memory:
		mem[ 0 ] 0x00810014
		mem[ 1 ] 0x00820015
		mem[ 2 ] 0x00840013
		mem[ 3 ] 0x00860012
		mem[ 4 ] 0x00180000
		mem[ 5 ] 0x0130000A
		mem[ 6 ] 0x00520005
		mem[ 7 ] 0x00640007
		mem[ 8 ] 0x006F0005
		mem[ 9 ] 0x01280001
		mem[ 10 ] 0x00190003
		mem[ 11 ] 0x00240004
		mem[ 12 ] 0x00870011
		mem[ 13 ] 0x003E0006
		mem[ 14 ] 0x00090001
		mem[ 15 ] 0x0100FFF5
		mem[ 16 ] 0x01800000
		mem[ 17 ] 0xFFFFFFFF
		mem[ 18 ] 0x00000008
		mem[ 19 ] 0x00000001
		mem[ 20 ] 0x00000006
		mem[ 21 ] 0x00000005
	registers:
		reg[ 0 ] 0
		reg[ 1 ] 6
		reg[ 2 ] 5
		reg[ 3 ] 0
		reg[ 4 ] 1
		reg[ 5 ] -6
		reg[ 6 ] 8
		reg[ 7 ] -2
end state

@@@
state:
	pc 9
	memory:
		mem[ 0 ] 0x00810014
		mem[ 1 ] 0x00820015
		mem[ 2 ] 0x00840013
		mem[ 3 ] 0x00860012
		mem[ 4 ] 0x00180000
		mem[ 5 ] 0x0130000A
		mem[ 6 ] 0x00520005
		mem[ 7 ] 0x00640007
		mem[ 8 ] 0x006F0005
		mem[ 9 ] 0x01280001
		mem[ 10 ] 0x00190003
		mem[ 11 ] 0x00240004
		mem[ 12 ] 0x00870011
		mem[ 13 ] 0x003E0006
		mem[ 14 ] 0x00090001
		mem[ 15 ] 0x0100FFF5
		mem[ 16 ] 0x01800000
		mem[ 17 ] 0xFFFFFFFF
		mem[ 18 ] 0x00000008
		mem[ 19 ] 0x00000001
		mem[ 20 ] 0x00000006
		mem[ 21 ] 0x00000005
	registers:
		reg[ 0 ] 0
		reg[ 1 ] 6
		reg[ 2 ] 5
		reg[ 3 ] 0
		reg[ 4 ] 1
		reg[ 5 ] 1
		reg[ 6 ] 8
		reg[ 7 ] -2
end state

@@@
state:
	pc 10
	memory:
		mem[ 0 ] 0x00810014
		mem[ 1 ] 0x00820015
		mem[ 2 ] 0x00840013
		mem[ 3 ] 0x00860012
		mem[ 4 ] 0x00180000
		mem[ 5 ] 0x0130000A
		mem[ 6 ] 0x00520005
		mem[ 7 ] 0x00640007
		mem[ 8 ] 0x006F0005
		mem[ 9 ] 0x01280001
		mem[ 10 ] 0x00190003
		mem[ 11 ] 0x00240004
		mem[ 12 ] 0x00870011
		mem[ 13 ] 0x003E0006
		mem[ 14 ] 0x00090001
		mem[ 15 ] 0x0100FFF5
		mem[ 16 ] 0x01800000
		mem[ 17 ] 0xFFFFFFFF
		mem[ 18 ] 0x00000008
		mem[ 19 ] 0x00000001
		mem[ 20 ] 0x00000006
		mem[ 21 ] 0x00000005
	registers:
		reg[ 0 ] 0
		reg[ 1 ] 6
		reg[ 2 ] 5
		reg[ 3 ] 0
		reg[ 4 ] 1
		reg[ 5 ] 1
		reg[ 6 ] 8
		reg[ 7 ] -2
end state

@@@
state:
	pc 11
	memory:
		mem[ 0 ] 0x00810014
		mem[ 1 ] 0x00820015
		mem[ 2 ] 0x00840013
		mem[ 3 ] 0x00860012
		mem[ 4 ] 0x00180000
		mem[ 5 ] 0x0130000A
		mem[ 6 ] 0x00520005
		mem[ 7 ] 0x00640007
		mem[ 8 ] 0x006F0005
		mem[ 9 ] 0x01280001
		mem[ 10 ] 0x00190003
		mem[ 11 ] 0x00240004
		mem[ 12 ] 0x00870011
		mem[ 13 ] 0x003E0006
		mem[ 14 ] 0x00090001
		mem[ 15 ] 0x0100FFF5
		mem[ 16 ] 0x01800000
		mem[ 17 ] 0xFFFFFFFF
		mem[ 18 ] 0x00000008
		mem[ 19 ] 0x00000001
		mem[ 20 ] 0x00000006
		mem[ 21 ] 0x00000005
	registers:
		reg[ 0 ] 0
		reg[ 1 ] 6
		reg[ 2 ] 5
		reg[ 3 ] 6
		reg[ 4 ] 1
		reg[ 5 ] 1
		reg[ 6 ] 8
		reg[ 7 ] -2
end state

@@@
state:
	pc 12
	memory:
		mem[ 0 ] 0x00810014
		mem[ 1 ] 0x00820015
		mem[ 2 ] 0x00840013
		mem[ 3 ] 0x00860012
		mem[ 4 ] 0x00180000
		mem[ 5 ] 0x0130000A
		mem[ 6 ] 0x00520005
		mem[ 7 ] 0x00640007
		mem[ 8 ] 0x006F0005
		mem[ 9 ] 0x01280001
		mem[ 10 ] 0x00190003
		mem[ 11 ] 0x00240004
		mem[ 12 ] 0x00870011
		mem[ 13 ] 0x003E0006
		mem[ 14 ] 0x00090001
		mem[ 15 ] 0x0100FFF5
		mem[ 16 ] 0x01800000
		mem[ 17 ] 0xFFFFFFFF
		mem[ 18 ] 0x00000008
		mem[ 19 ] 0x00000001
		mem[ 20 ] 0x00000006
		mem[ 21 ] 0x00000005
	registers:
		reg[ 0 ] 0
		reg[ 1 ] 6
		reg[ 2 ] 5
		reg[ 3 ] 6
		reg[ 4 ] 2
		reg[ 5 ] 1
		reg[ 6 ] 8
		reg[ 7 ] -2
end state

@@@
state:
	pc 13
	memory:
		mem[ 0 ] 0x00810014
		mem[ 1 ] 0x00820015
		mem[ 2 ] 0x00840013
		mem[ 3 ] 0x00860012
		mem[ 4 ] 0x00180000
		mem[ 5 ] 0x0130000A
		mem[ 6 ] 0x00520005
		mem[ 7 ] 0x00640007
		mem[ 8 ] 0x006F0005
		mem[ 9 ] 0x01280001
		mem[ 10 ] 0x00190003
		mem[ 11 ] 0x00240004
		mem[ 12 ] 0x00870011
		mem[ 13 ] 0x003E0006
		mem[ 14 ] 0x00090001
		mem[ 15 ] 0x0100FFF5
		mem[ 16 ] 0x01800000
		mem[ 17 ] 0xFFFFFFFF
		mem[ 18 ] 0x00000008
		mem[ 19 ] 0x00000001
		mem[ 20 ] 0x00000006
		mem[ 21 ] 0x00000005
	registers:
		reg[ 0 ] 0
		reg[ 1 ] 6
		reg[ 2 ] 5
		reg[ 3 ] 6
		reg[ 4 ] 2
		reg[ 5 ] 1
		reg[ 6 ] 8
		reg[ 7 ] -1
end state

@@@
state:
	pc 14
	memory:
		mem[ 0 ] 0x00810014
		mem[ 1 ] 0x00820015
		mem[ 2 ] 0x00840013
		mem[ 3 ] 0x00860012
		mem[ 4 ] 0x00180000
		mem[ 5 ] 0x0130000A
		mem[ 6 ] 0x00520005
		mem[ 7 ] 0x00640007
		mem[ 8 ] 0x006F0005
		mem[ 9 ] 0x01280001
		mem[ 10 ] 0x00190003
		mem[ 11 ] 0x00240004
		mem[ 12 ] 0x00870011
		mem[ 13 ] 0x003E0006
		mem[ 14 ] 0x00090001
		mem[ 15 ] 0x0100FFF5
		mem[ 16 ] 0x01800000
		mem[ 17 ] 0xFFFFFFFF
		mem[ 18 ] 0x00000008
		mem[ 19 ] 0x00000001
		mem[ 20 ] 0x00000006
		mem[ 21 ] 0x00000005
	registers:
		reg[ 0 ] 0
		reg[ 1 ] 6
		reg[ 2 ] 5
		reg[ 3 ] 6
		reg[ 4 ] 2
		reg[ 5 ] 1
		reg[ 6 ] 7
		reg[ 7 ] -1
end state

@@@
state:
	pc 15
	memory:
		mem[ 0 ] 0x00810014
		mem[ 1 ] 0x00820015
		mem[ 2 ] 0x00840013
		mem[ 3 ] 0x00860012
		mem[ 4 ] 0x00180000
		mem[ 5 ] 0x0130000A
		mem[ 6 ] 0x00520005
		mem[ 7 ] 0x00640007
		mem[ 8 ] 0x006F0005
		mem[ 9 ] 0x01280001
		mem[ 10 ] 0x00190003
		mem[ 11 ] 0x00240004
		mem[ 12 ] 0x00870011
		mem[ 13 ] 0x003E0006
		mem[ 14 ] 0x00090001
		mem[ 15 ] 0x0100FFF5
		mem[ 16 ] 0x01800000
		mem[ 17 ] 0xFFFFFFFF
		mem[ 18 ] 0x00000008
		mem[ 19 ] 0x00000001
		mem[ 20 ] 0x00000006
		mem[ 21 ] 0x00000005
	registers:
		reg[ 0 ] 0
		reg[ 1 ] 12
		reg[ 2 ] 5
		reg[ 3 ] 6
		reg[ 4 ] 2
		reg[ 5 ] 1
		reg[ 6 ] 7
		reg[ 7 ] -1
end state

@@@
state:
	pc 5
	memory:
		mem[ 0 ] 0x00810014
		mem[ 1 ] 0x00820015
		mem[ 2 ] 0x00840013
		mem[ 3 ] 0x00860012
		mem[ 4 ] 0x00180000
		mem[ 5 ] 0x0130000A
		mem[ 6 ] 0x00520005
		mem[ 7 ] 0x00640007
		mem[ 8 ] 0x006F0005
		mem[ 9 ] 0x01280001
		mem[ 10 ] 0x00190003
		mem[ 11 ] 0x00240004
		mem[ 12 ] 0x00870011
		mem[ 13 ] 0x003E0006
		mem[ 14 ] 0x00090001
		mem[ 15 ] 0x0100FFF5
		mem[ 16 ] 0x01800000
		mem[ 17 ] 0xFFFFFFFF
		mem[ 18 ] 0x00000008
		mem[ 19 ] 0x00000001
		mem[ 20 ] 0x00000006
		mem[ 21 ] 0x00000005
	registers:
		reg[ 0 ] 0
		reg[ 1 ] 12
		reg[ 2 ] 5
		reg[ 3 ] 6
		reg[ 4 ] 2
		reg[ 5 ] 1
		reg[ 6 ] 7
		reg[ 7 ] -1
end state

@@@
state:
	pc 6
	memory:
		mem[ 0 ] 0x00810014
		mem[ 1 ] 0x00820015
		mem[ 2 ] 0x00840013
		mem[ 3 ] 0x00860012
		mem[ 4 ] 0x00180000
		mem[ 5 ] 0x0130000A
		mem[ 6 ] 0x00520005
		mem[ 7 ] 0x00640007
		mem[ 8 ] 0x006F0005
		mem[ 9 ] 0x01280001
		mem[ 10 ] 0x00190003
		mem[ 11 ] 0x00240004
		mem[ 12 ] 0x00870011
		mem[ 13 ] 0x003E0006
		mem[ 14 ] 0x00090001
		mem[ 15 ] 0x0100FFF5
		mem[ 16 ] 0x01800000
		mem[ 17 ] 0xFFFFFFFF
		mem[ 18 ] 0x00000008
		mem[ 19 ] 0x00000001
		mem[ 20 ] 0x00000006
		mem[ 21 ] 0x00000005
	registers:
		reg[ 0 ] 0
		reg[ 1 ] 12
		reg[ 2 ] 5
		reg[ 3 ] 6
		reg[ 4 ] 2
		reg[ 5 ] 1
		reg[ 6 ] 7
		reg[ 7 ] -1
end state

@@@
state:
	pc 7
	memory:
		mem[ 0 ] 0x00810014
		mem[ 1 ] 0x00820015
		mem[ 2 ] 0x00840013
		mem[ 3 ] 0x00860012
		mem[ 4 ] 0x00180000
		mem[ 5 ] 0x0130000A
		mem[ 6 ] 0x00520005
		mem[ 7 ] 0x00640007
		mem[ 8 ] 0x006F0005
		mem[ 9 ] 0x01280001
		mem[ 10 ] 0x00190003
		mem[ 11 ] 0x00240004
		mem[ 12 ] 0x00870011
		mem[ 13 ] 0x003E0006
		mem[ 14 ] 0x00090001
		mem[ 15 ] 0x0100FFF5
		mem[ 16 ] 0x01800000
		mem[ 17 ] 0xFFFFFFFF
		mem[ 18 ] 0x00000008
		mem[ 19 ] 0x00000001
		mem[ 20 ] 0x00000006
		mem[ 21 ] 0x00000005
	registers:
		reg[ 0 ] 0
		reg[ 1 ] 12
		reg[ 2 ] 5
		reg[ 3 ] 6
		reg[ 4 ] 2
		reg[ 5 ] -6
		reg[ 6 ] 7
		reg[ 7 ] -1
end state

@@@
state:
	pc 8
	memory:
		mem[ 0 ] 0x00810014
		mem[ 1 ] 0x00820015
		mem[ 2 ] 0x00840013
		mem[ 3 ] 0x00860012
		mem[ 4 ] 0x00180000
		mem[ 5 ] 0x0130000A
		mem[ 6 ] 0x00520005
		mem[ 7 ] 0x00640007
		mem[ 8 ] 0x006F0005
		mem[ 9 ] 0x01280001
		mem[ 10 ] 0x00190003
		mem[ 11 ] 0x00240004
		mem[ 12 ] 0x00870011
		mem[ 13 ] 0x003E0006
		mem[ 14 ] 0x00090001
		mem[ 15 ] 0x0100FFF5
		mem[ 16 ] 0x01800000
		mem[ 17 ] 0xFFFFFFFF
		mem[ 18 ] 0x00000008
		mem[ 19 ] 0x00000001
		mem[ 20 ] 0x00000006
		mem[ 21 ] 0x00000005
	registers:
		reg[ 0 ] 0
		reg[ 1 ] 12
		reg[ 2 ] 5
		reg[ 3 ] 6
		reg[ 4 ] 2
		reg[ 5 ] -6
		reg[ 6 ] 7
		reg[ 7 ] -3
end state

@@@
state:
	pc 9
	memory:
		mem[ 0 ] 0x00810014
		mem[ 1 ] 0x00820015
		mem[ 2 ] 0x00840013
		mem[ 3 ] 0x00860012
		mem[ 4 ] 0x00180000
		mem[ 5 ] 0x0130000A
		mem[ 6 ] 0x00520005
		mem[ 7 ] 0x00640007
		mem[ 8 ] 0x006F0005
		mem[ 9 ] 0x01280001
		mem[ 10 ] 0x00190003
		mem[ 11 ] 0x00240004
		mem[ 12 ] 0x00870011
		mem[ 13 ] 0x003E0006
		mem[ 14 ] 0x00090001
		mem[ 15 ] 0x0100FFF5
		mem[ 16 ] 0x01800000
		mem[ 17 ] 0xFFFFFFFF
		mem[ 18 ] 0x00000008
		mem[ 19 ] 0x00000001
		mem[ 20 ] 0x00000006
		mem[ 21 ] 0x00000005
	registers:
		reg[ 0 ] 0
		reg[ 1 ] 12
		reg[ 2 ] 5
		reg[ 3 ] 6
		reg[ 4 ] 2
		reg[ 5 ] 0
		reg[ 6 ] 7
		reg[ 7 ] -3
end state

@@@
state:
	pc 11
	memory:
		mem[ 0 ] 0x00810014
		mem[ 1 ] 0x00820015
		mem[ 2 ] 0x00840013
		mem[ 3 ] 0x00860012
		mem[ 4 ] 0x00180000
		mem[ 5 ] 0x0130000A
		mem[ 6 ] 0x00520005
		mem[ 7 ] 0x00640007
		mem[ 8 ] 0x006F0005
		mem[ 9 ] 0x01280001
		mem[ 10 ] 0x00190003
		mem[ 11 ] 0x00240004
		mem[ 12 ] 0x00870011
		mem[ 13 ] 0x003E0006
		mem[ 14 ] 0x00090001
		mem[ 15 ] 0x0100FFF5
		mem[ 16 ] 0x01800000
		mem[ 17 ] 0xFFFFFFFF
		mem[ 18 ] 0x00000008
		mem[ 19 ] 0x00000001
		mem[ 20 ] 0x00000006
		mem[ 21 ] 0x00000005
	registers:
		reg[ 0 ] 0
		reg[ 1 ] 12
		reg[ 2 ] 5
		reg[ 3 ] 6
		reg[ 4 ] 2
		reg[ 5 ] 0
		reg[ 6 ] 7
		reg[ 7 ] -3
end state

@@@
state:
	pc 12
	memory:
		mem[ 0 ] 0x00810014
		mem[ 1 ] 0x00820015
		mem[ 2 ] 0x00840013
		mem[ 3 ] 0x00860012
		mem[ 4 ] 0x00180000
		mem[ 5 ] 0x0130000A
		mem[ 6 ] 0x00520005
		mem[ 7 ] 0x00640007
		mem[ 8 ] 0x006F0005
		mem[ 9 ] 0x01280001
		mem[ 10 ] 0x00190003
		mem[ 11 ] 0x00240004
		mem[ 12 ] 0x00870011
		mem[ 13 ] 0x003E0006
		mem[ 14 ] 0x00090001
		mem[ 15 ] 0x0100FFF5
		mem[ 16 ] 0x01800000
		mem[ 17 ] 0xFFFFFFFF
		mem[ 18 ] 0x00000008
		mem[ 19 ] 0x00000001
		mem[ 20 ] 0x00000006
		mem[ 21 ] 0x00000005
	registers:
		reg[ 0 ] 0
		reg[ 1 ] 12
		reg[ 2 ] 5
		reg[ 3 ] 6
		reg[ 4 ] 4
		reg[ 5 ] 0
		reg[ 6 ] 7
		reg[ 7 ] -3
end state

@@@
state:
	pc 13
	memory:
		mem[ 0 ] 0x00810014
		mem[ 1 ] 0x00820015
		mem[ 2 ] 0x00840013
		mem[ 3 ] 0x00860012
		mem[ 4 ] 0x00180000
		mem[ 5 ] 0x0130000A
		mem[ 6 ] 0x00520005
		mem[ 7 ] 0x00640007
		mem[ 8 ] 0x006F0005
		mem[ 9 ] 0x01280001
		mem[ 10 ] 0x00190003
		mem[ 11 ] 0x00240004
		mem[ 12 ] 0x00870011
		mem[ 13 ] 0x003E0006
		mem[ 14 ] 0x00090001
		mem[ 15 ] 0x0100FFF5
		mem[ 16 ] 0x01800000
		mem[ 17 ] 0xFFFFFFFF
		mem[ 18 ] 0x00000008
		mem[ 19 ] 0x00000001
		mem[ 20 ] 0x00000006
		mem[ 21 ] 0x00000005
	registers:
		reg[ 0 ] 0
		reg[ 1 ] 12
		reg[ 2 ] 5
		reg[ 3 ] 6
		reg[ 4 ] 4
		reg[ 5 ] 0
		reg[ 6 ] 7
		reg[ 7 ] -1
end state

@@@
state:
	pc 14
	memory:
		mem[ 0 ] 0x00810014
		mem[ 1 ] 0x00820015
		mem[ 2 ] 0x00840013
		mem[ 3 ] 0x00860012
		mem[ 4 ] 0x00180000
		mem[ 5 ] 0x0130000A
		mem[ 6 ] 0x00520005
		mem[ 7 ] 0x00640007
		mem[ 8 ] 0x006F0005
		mem[ 9 ] 0x01280001
		mem[ 10 ] 0x00190003
		mem[ 11 ] 0x00240004
		mem[ 12 ] 0x00870011
		mem[ 13 ] 0x003E0006
		mem[ 14 ] 0x00090001
		mem[ 15 ] 0x0100FFF5
		mem[ 16 ] 0x01800000
		mem[ 17 ] 0xFFFFFFFF
		mem[ 18 ] 0x00000008
		mem[ 19 ] 0x00000001
		mem[ 20 ] 0x00000006
		mem[ 21 ] 0x00000005
	registers:
		reg[ 0 ] 0
		reg[ 1 ] 12
		reg[ 2 ] 5
		reg[ 3 ] 6
		reg[ 4 ] 4
		reg[ 5 ] 0
		reg[ 6 ] 6
		reg[ 7 ] -1
end state

@@@
state:
	pc 15
	memory:
		mem[ 0 ] 0x00810014
		mem[ 1 ] 0x00820015
		mem[ 2 ] 0x00840013
		mem[ 3 ] 0x00860012
		mem[ 4 ] 0x00180000
		mem[ 5 ] 0x0130000A
		mem[ 6 ] 0x00520005
		mem[ 7 ] 0x00640007
		mem[ 8 ] 0x006F0005
		mem[ 9 ] 0x01280001
		mem[ 10 ] 0x00190003
		mem[ 11 ] 0x00240004
		mem[ 12 ] 0x00870011
		mem[ 13 ] 0x003E0006
		mem[ 14 ] 0x00090001
		mem[ 15 ] 0x0100FFF5
		mem[ 16 ] 0x01800000
		mem[ 17 ] 0xFFFFFFFF
		mem[ 18 ] 0x00000008
		mem[ 19 ] 0x00000001
		mem[ 20 ] 0x00000006
		mem[ 21 ] 0x00000005
	registers:
		reg[ 0 ] 0
		reg[ 1 ] 24
		reg[ 2 ] 5
		reg[ 3 ] 6
		reg[ 4 ] 4
		reg[ 5 ] 0
		reg[ 6 ] 6
		reg[ 7 ] -1
end state

@@@
state:
	pc 5
	memory:
		mem[ 0 ] 0x00810014
		mem[ 1 ] 0x00820015
		mem[ 2 ] 0x00840013
		mem[ 3 ] 0x00860012
		mem[ 4 ] 0x00180000
		mem[ 5 ] 0x0130000A
		mem[ 6 ] 0x00520005
		mem[ 7 ] 0x00640007
		mem[ 8 ] 0x006F0005
		mem[ 9 ] 0x01280001
		mem[ 10 ] 0x00190003
		mem[ 11 ] 0x00240004
		mem[ 12 ] 0x00870011
		mem[ 13 ] 0x003E0006
		mem[ 14 ] 0x00090001
		mem[ 15 ] 0x0100FFF5
		mem[ 16 ] 0x01800000
		mem[ 17 ] 0xFFFFFFFF
		mem[ 18 ] 0x00000008
		mem[ 19 ] 0x00000001
		mem[ 20 ] 0x00000006
		mem[ 21 ] 0x00000005
	registers:
		reg[ 0 ] 0
		reg[ 1 ] 24
		reg[ 2 ] 5
		reg[ 3 ] 6
		reg[ 4 ] 4
		reg[ 5 ] 0
		reg[ 6 ] 6
		reg[ 7 ] -1
end state

@@@
state:
	pc 6
	memory:
		mem[ 0 ] 0x00810014
		mem[ 1 ] 0x00820015
		mem[ 2 ] 0x00840013
		mem[ 3 ] 0x00860012
		mem[ 4 ] 0x00180000
		mem[ 5 ] 0x0130000A
		mem[ 6 ] 0x00520005
		mem[ 7 ] 0x00640007
		mem[ 8 ] 0x006F0005
		mem[ 9 ] 0x01280001
		mem[ 10 ] 0x00190003
		mem[ 11 ] 0x00240004
		mem[ 12 ] 0x00870011
		mem[ 13 ] 0x003E0006
		mem[ 14 ] 0x00090001
		mem[ 15 ] 0x0100FFF5
		mem[ 16 ] 0x01800000
		mem[ 17 ] 0xFFFFFFFF
		mem[ 18 ] 0x00000008
		mem[ 19 ] 0x00000001
		mem[ 20 ] 0x00000006
		mem[ 21 ] 0x00000005
	registers:
		reg[ 0 ] 0
		reg[ 1 ] 24
		reg[ 2 ] 5
		reg[ 3 ] 6
		reg[ 4 ] 4
		reg[ 5 ] 0
		reg[ 6 ] 6
		reg[ 7 ] -1
end state

@@@
state:
	pc 7
	memory:
		mem[ 0 ] 0x00810014
		mem[ 1 ] 0x00820015
		mem[ 2 ] 0x00840013
		mem[ 3 ] 0x00860012
		mem[ 4 ] 0x00180000
		mem[ 5 ] 0x0130000A
		mem[ 6 ] 0x00520005
		mem[ 7 ] 0x00640007
		mem[ 8 ] 0x006F0005
		mem[ 9 ] 0x01280001
		mem[ 10 ] 0x00190003
		mem[ 11 ] 0x00240004
		mem[ 12 ] 0x00870011
		mem[ 13 ] 0x003E0006
		mem[ 14 ] 0x00090001
		mem[ 15 ] 0x0100FFF5
		mem[ 16 ] 0x01800000
		mem[ 17 ] 0xFFFFFFFF
		mem[ 18 ] 0x00000008
		mem[ 19 ] 0x00000001
		mem[ 20 ] 0x00000006
		mem[ 21 ] 0x00000005
	registers:
		reg[ 0 ] 0
		reg[ 1 ] 24
		reg[ 2 ] 5
		reg[ 3 ] 6
		reg[ 4 ] 4
		reg[ 5 ] -6
		reg[ 6 ] 6
		reg[ 7 ] -1
end state

@@@
state:
	pc 8
	memory:
		mem[ 0 ] 0x00810014
		mem[ 1 ] 0x00820015
		mem[ 2 ] 0x00840013
		mem[ 3 ] 0x00860012
		mem[ 4 ] 0x00180000
		mem[ 5 ] 0x0130000A
		mem[ 6 ] 0x00520005
		mem[ 7 ] 0x00640007
		mem[ 8 ] 0x006F0005
		mem[ 9 ] 0x01280001
		mem[ 10 ] 0x00190003
		mem[ 11 ] 0x00240004
		mem[ 12 ] 0x00870011
		mem[ 13 ] 0x003E0006
		mem[ 14 ] 0x00090001
		mem[ 15 ] 0x0100FFF5
		mem[ 16 ] 0x01800000
		mem[ 17 ] 0xFFFFFFFF
		mem[ 18 ] 0x00000008
		mem[ 19 ] 0x00000001
		mem[ 20 ] 0x00000006
		mem[ 21 ] 0x00000005
	registers:
		reg[ 0 ] 0
		reg[ 1 ] 24
		reg[ 2 ] 5
		reg[ 3 ] 6
		reg[ 4 ] 4
		reg[ 5 ] -6
		reg[ 6 ] 6
		reg[ 7 ] -5
end state

@@@
state:
	pc 9
	memory:
		mem[ 0 ] 0x00810014
		mem[ 1 ] 0x00820015
		mem[ 2 ] 0x00840013
		mem[ 3 ] 0x00860012
		mem[ 4 ] 0x00180000
		mem[ 5 ] 0x0130000A
		mem[ 6 ] 0x00520005
		mem[ 7 ] 0x00640007
		mem[ 8 ] 0x006F0005
		mem[ 9 ] 0x01280001
		mem[ 10 ] 0x00190003
		mem[ 11 ] 0x00240004
		mem[ 12 ] 0x00870011
		mem[ 13 ] 0x003E0006
		mem[ 14 ] 0x00090001
		mem[ 15 ] 0x0100FFF5
		mem[ 16 ] 0x01800000
		mem[ 17 ] 0xFFFFFFFF
		mem[ 18 ] 0x00000008
		mem[ 19 ] 0x00000001
		mem[ 20 ] 0x00000006
		mem[ 21 ] 0x00000005
	registers:
		reg[ 0 ] 0
		reg[ 1 ] 24
		reg[ 2 ] 5
		reg[ 3 ] 6
		reg[ 4 ] 4
		reg[ 5 ] 4
		reg[ 6 ] 6
		reg[ 7 ] -5
end state

@@@
state:
	pc 10
	memory:
		mem[ 0 ] 0x00810014
		mem[ 1 ] 0x00820015
		mem[ 2 ] 0x00840013
		mem[ 3 ] 0x00860012
		mem[ 4 ] 0x00180000
		mem[ 5 ] 0x0130000A
		mem[ 6 ] 0x00520005
		mem[ 7 ] 0x00640007
		mem[ 8 ] 0x006F0005
		mem[ 9 ] 0x01280001
		mem[ 10 ] 0x00190003
		mem[ 11 ] 0x00240004
		mem[ 12 ] 0x00870011
		mem[ 13 ] 0x003E0006
		mem[ 14 ] 0x00090001
		mem[ 15 ] 0x0100FFF5
		mem[ 16 ] 0x01800000
		mem[ 17 ] 0xFFFFFFFF
		mem[ 18 ] 0x00000008
		mem[ 19 ] 0x00000001
		mem[ 20 ] 0x00000006
		mem[ 21 ] 0x00000005
	registers:
		reg[ 0 ] 0
		reg[ 1 ] 24
		reg[ 2 ] 5
		reg[ 3 ] 6
		reg[ 4 ] 4
		reg[ 5 ] 4
		reg[ 6 ] 6
		reg[ 7 ] -5
end state

@@@
state:
	pc 11
	memory:
		mem[ 0 ] 0x00810014
		mem[ 1 ] 0x00820015
		mem[ 2 ] 0x00840013
		mem[ 3 ] 0x00860012
		mem[ 4 ] 0x00180000
		mem[ 5 ] 0x0130000A
		mem[ 6 ] 0x00520005
		mem[ 7 ] 0x00640007
		mem[ 8 ] 0x006F0005
		mem[ 9 ] 0x01280001
		mem[ 10 ] 0x00190003
		mem[ 11 ] 0x00240004
		mem[ 12 ] 0x00870011
		mem[ 13 ] 0x003E0006
		mem[ 14 ] 0x00090001
		mem[ 15 ] 0x0100FFF5
		mem[ 16 ] 0x01800000
		mem[ 17 ] 0xFFFFFFFF
		mem[ 18 ] 0x00000008
		mem[ 19 ] 0x00000001
		mem[ 20 ] 0x00000006
		mem[ 21 ] 0x00000005
	registers:
		reg[ 0 ] 0
		reg[ 1 ] 24
		reg[ 2 ] 5
		reg[ 3 ] 30
		reg[ 4 ] 4
		reg[ 5 ] 4
		reg[ 6 ] 6
		reg[ 7 ] -5
end state

@@@
state:
	pc 12
	memory:
		mem[ 0 ] 0x00810014
		mem[ 1 ] 0x00820015
		mem[ 2 ] 0x00840013
		mem[ 3 ] 0x00860012
		mem[ 4 ] 0x00180000
		mem[ 5 ] 0x0130000A
		mem[ 6 ] 0x00520005
		mem[ 7 ] 0x00640007
		mem[ 8 ] 0x006F0005
		mem[ 9 ] 0x01280001
		mem[ 10 ] 0x00190003
		mem[ 11 ] 0x00240004
		mem[ 12 ] 0x00870011
		mem[ 13 ] 0x003E0006
		mem[ 14 ] 0x00090001
		mem[ 15 ] 0x0100FFF5
		mem[ 16 ] 0x01800000
		mem[ 17 ] 0xFFFFFFFF
		mem[ 18 ] 0x00000008
		mem[ 19 ] 0x00000001
		mem[ 20 ] 0x00000006
		mem[ 21 ] 0x00000005
	registers:
		reg[ 0 ] 0
		reg[ 1 ] 24
		reg[ 2 ] 5
		reg[ 3 ] 30
		reg[ 4 ] 8
		reg[ 5 ] 4
		reg[ 6 ] 6
		reg[ 7 ] -5
end state

@@@
state:
	pc 13
	memory:
		mem[ 0 ] 0x00810014
		mem[ 1 ] 0x00820015
		mem[ 2 ] 0x00840013
		mem[ 3 ] 0x00860012
		mem[ 4 ] 0x00180000
		mem[ 5 ] 0x0130000A
		mem[ 6 ] 0x00520005
		mem[ 7 ] 0x00640007
		mem[ 8 ] 0x006F0005
		mem[ 9 ] 0x01280001
		mem[ 10 ] 0x00190003
		mem[ 11 ] 0x00240004
		mem[ 12 ] 0x00870011
		mem[ 13 ] 0x003E0006
		mem[ 14 ] 0x00090001
		mem[ 15 ] 0x0100FFF5
		mem[ 16 ] 0x01800000
		mem[ 17 ] 0xFFFFFFFF
		mem[ 18 ] 0x00000008
		mem[ 19 ] 0x00000001
		mem[ 20 ] 0x00000006
		mem[ 21 ] 0x00000005
	registers:
		reg[ 0 ] 0
		reg[ 1 ] 24
		reg[ 2 ] 5
		reg[ 3 ] 30
		reg[ 4 ] 8
		reg[ 5 ] 4
		reg[ 6 ] 6
		reg[ 7 ] -1
end state

@@@
state:
	pc 14
	memory:
		mem[ 0 ] 0x00810014
		mem[ 1 ] 0x00820015
		mem[ 2 ] 0x00840013
		mem[ 3 ] 0x00860012
		mem[ 4 ] 0x00180000
		mem[ 5 ] 0x0130000A
		mem[ 6 ] 0x00520005
		mem[ 7 ] 0x00640007
		mem[ 8 ] 0x006F0005
		mem[ 9 ] 0x01280001
		mem[ 10 ] 0x00190003
		mem[ 11 ] 0x00240004
		mem[ 12 ] 0x00870011
		mem[ 13 ] 0x003E0006
		mem[ 14 ] 0x00090001
		mem[ 15 ] 0x0100FFF5
		mem[ 16 ] 0x01800000
		mem[ 17 ] 0xFFFFFFFF
		mem[ 18 ] 0x00000008
		mem[ 19 ] 0x00000001
		mem[ 20 ] 0x00000006
		mem[ 21 ] 0x00000005
	registers:
		reg[ 0 ] 0
		reg[ 1 ] 24
		reg[ 2 ] 5
		reg[ 3 ] 30
		reg[ 4 ] 8
		reg[ 5 ] 4
		reg[ 6 ] 5
		reg[ 7 ] -1
end state

@@@
state:
	pc 15
	memory:
		mem[ 0 ] 0x00810014
		mem[ 1 ] 0x00820015
		mem[ 2 ] 0x00840013
		mem[ 3 ] 0x00860012
		mem[ 4 ] 0x00180000
		mem[ 5 ] 0x0130000A
		mem[ 6 ] 0x00520005
		mem[ 7 ] 0x00640007
		mem[ 8 ] 0x006F0005
		mem[ 9 ] 0x01280001
		mem[ 10 ] 0x00190003
		mem[ 11 ] 0x00240004
		mem[ 12 ] 0x00870011
		mem[ 13 ] 0x003E0006
		mem[ 14 ] 0x00090001
		mem[ 15 ] 0x0100FFF5
		mem[ 16 ] 0x01800000
		mem[ 17 ] 0xFFFFFFFF
		mem[ 18 ] 0x00000008
		mem[ 19 ] 0x00000001
		mem[ 20 ] 0x00000006
		mem[ 21 ] 0x00000005
	registers:
		reg[ 0 ] 0
		reg[ 1 ] 48
		reg[ 2 ] 5
		reg[ 3 ] 30
		reg[ 4 ] 8
		reg[ 5 ] 4
		reg[ 6 ] 5
		reg[ 7 ] -1
end state

@@@
state:
	pc 5
	memory:
		mem[ 0 ] 0x00810014
		mem[ 1 ] 0x00820015
		mem[ 2 ] 0x00840013
		mem[ 3 ] 0x00860012
		mem[ 4 ] 0x00180000
		mem[ 5 ] 0x0130000A
		mem[ 6 ] 0x00520005
		mem[ 7 ] 0x00640007
		mem[ 8 ] 0x006F0005
		mem[ 9 ] 0x01280001
		mem[ 10 ] 0x00190003
		mem[ 11 ] 0x00240004
		mem[ 12 ] 0x00870011
		mem[ 13 ] 0x003E0006
		mem[ 14 ] 0x00090001
		mem[ 15 ] 0x0100FFF5
		mem[ 16 ] 0x01800000
		mem[ 17 ] 0xFFFFFFFF
		mem[ 18 ] 0x00000008
		mem[ 19 ] 0x00000001
		mem[ 20 ] 0x00000006
		mem[ 21 ] 0x00000005
	registers:
		reg[ 0 ] 0
		reg[ 1 ] 48
		reg[ 2 ] 5
		reg[ 3 ] 30
		reg[ 4 ] 8
		reg[ 5 ] 4
		reg[ 6 ] 5
		reg[ 7 ] -1
end state

@@@
state:
	pc 6
	memory:
		mem[ 0 ] 0x00810014
		mem[ 1 ] 0x00820015
		mem[ 2 ] 0x00840013
		mem[ 3 ] 0x00860012
		mem[ 4 ] 0x00180000
		mem[ 5 ] 0x0130000A
		mem[ 6 ] 0x00520005
		mem[ 7 ] 0x00640007
		mem[ 8 ] 0x006F0005
		mem[ 9 ] 0x01280001
		mem[ 10 ] 0x00190003
		mem[ 11 ] 0x00240004
		mem[ 12 ] 0x00870011
		mem[ 13 ] 0x003E0006
		mem[ 14 ] 0x00090001
		mem[ 15 ] 0x0100FFF5
		mem[ 16 ] 0x01800000
		mem[ 17 ] 0xFFFFFFFF
		mem[ 18 ] 0x00000008
		mem[ 19 ] 0x00000001
		mem[ 20 ] 0x00000006
		mem[ 21 ] 0x00000005
	registers:
		reg[ 0 ] 0
		reg[ 1 ] 48
		reg[ 2 ] 5
		reg[ 3 ] 30
		reg[ 4 ] 8
		reg[ 5 ] 4
		reg[ 6 ] 5
		reg[ 7 ] -1
end state

@@@
state:
	pc 7
	memory:
		mem[ 0 ] 0x00810014
		mem[ 1 ] 0x00820015
		mem[ 2 ] 0x00840013
		mem[ 3 ] 0x00860012
		mem[ 4 ] 0x00180000
		mem[ 5 ] 0x0130000A
		mem[ 6 ] 0x00520005
		mem[ 7 ] 0x00640007
		mem[ 8 ] 0x006F0005
		mem[ 9 ] 0x01280001
		mem[ 10 ] 0x00190003
		mem[ 11 ] 0x00240004
		mem[ 12 ] 0x00870011
		mem[ 13 ] 0x003E0006
		mem[ 14 ] 0x00090001
		mem[ 15 ] 0x0100FFF5
		mem[ 16 ] 0x01800000
		mem[ 17 ] 0xFFFFFFFF
		mem[ 18 ] 0x00000008
		mem[ 19 ] 0x00000001
		mem[ 20 ] 0x00000006
		mem[ 21 ] 0x00000005
	registers:
		reg[ 0 ] 0
		reg[ 1 ] 48
		reg[ 2 ] 5
		reg[ 3 ] 30
		reg[ 4 ] 8
		reg[ 5 ] -6
		reg[ 6 ] 5
		reg[ 7 ] -1
end state

@@@
state:
	pc 8
	memory:
		mem[ 0 ] 0x00810014
		mem[ 1 ] 0x00820015
		mem[ 2 ] 0x00840013
		mem[ 3 ] 0x00860012
		mem[ 4 ] 0x00180000
		mem[ 5 ] 0x0130000A
		mem[ 6 ] 0x00520005
		mem[ 7 ] 0x00640007
		mem[ 8 ] 0x006F0005
		mem[ 9 ] 0x01280001
		mem[ 10 ] 0x00190003
		mem[ 11 ] 0x00240004
		mem[ 12 ] 0x00870011
		mem[ 13 ] 0x003E0006
		mem[ 14 ] 0x00090001
		mem[ 15 ] 0x0100FFF5
		mem[ 16 ] 0x01800000
		mem[ 17 ] 0xFFFFFFFF
		mem[ 18 ] 0x00000008
		mem[ 19 ] 0x00000001
		mem[ 20 ] 0x00000006
		mem[ 21 ] 0x00000005
	registers:
		reg[ 0 ] 0
		reg[ 1 ] 48
		reg[ 2 ] 5
		reg[ 3 ] 30
		reg[ 4 ] 8
		reg[ 5 ] -6
		reg[ 6 ] 5
		reg[ 7 ] -9
end state

@@@
state:
	pc 9
	memory:
		mem[ 0 ] 0x00810014
		mem[ 1 ] 0x00820015
		mem[ 2 ] 0x00840013
		mem[ 3 ] 0x00860012
		mem[ 4 ] 0x00180000
		mem[ 5 ] 0x0130000A
		mem[ 6 ] 0x00520005
		mem[ 7 ] 0x00640007
		mem[ 8 ] 0x006F0005
		mem[ 9 ] 0x01280001
		mem[ 10 ] 0x00190003
		mem[ 11 ] 0x00240004
		mem[ 12 ] 0x00870011
		mem[ 13 ] 0x003E0006
		mem[ 14 ] 0x00090001
		mem[ 15 ] 0x0100FFF5
		mem[ 16 ] 0x01800000
		mem[ 17 ] 0xFFFFFFFF
		mem[ 18 ] 0x00000008
		mem[ 19 ] 0x00000001
		mem[ 20 ] 0x00000006
		mem[ 21 ] 0x00000005
	registers:
		reg[ 0 ] 0
		reg[ 1 ] 48
		reg[ 2 ] 5
		reg[ 3 ] 30
		reg[ 4 ] 8
		reg[ 5 ] 0
		reg[ 6 ] 5
		reg[ 7 ] -9
end state

@@@
state:
	pc 11
	memory:
		mem[ 0 ] 0x00810014
		mem[ 1 ] 0x00820015
		mem[ 2 ] 0x00840013
		mem[ 3 ] 0x00860012
		mem[ 4 ] 0x00180000
		mem[ 5 ] 0x0130000A
		mem[ 6 ] 0x00520005
		mem[ 7 ] 0x00640007
		mem[ 8 ] 0x006F0005
		mem[ 9 ] 0x01280001
		mem[ 10 ] 0x00190003
		mem[ 11 ] 0x00240004
		mem[ 12 ] 0x00870011
		mem[ 13 ] 0x003E0006
		mem[ 14 ] 0x00090001
		mem[ 15 ] 0x0100FFF5
		mem[ 16 ] 0x01800000
		mem[ 17 ] 0xFFFFFFFF
		mem[ 18 ] 0x00000008
		mem[ 19 ] 0x00000001
		mem[ 20 ] 0x00000006
		mem[ 21 ] 0x00000005
	registers:
		reg[ 0 ] 0
		reg[ 1 ] 48
		reg[ 2 ] 5
		reg[ 3 ] 30
		reg[ 4 ] 8
		reg[ 5 ] 0
		reg[ 6 ] 5
		reg[ 7 ] -9
end state

@@@
state:
	pc 12
	memory:
		mem[ 0 ] 0x00810014
		mem[ 1 ] 0x00820015
		mem[ 2 ] 0x00840013
		mem[ 3 ] 0x00860012
		mem[ 4 ] 0x00180000
		mem[ 5 ] 0x0130000A
		mem[ 6 ] 0x00520005
		mem[ 7 ] 0x00640007
		mem[ 8 ] 0x006F0005
		mem[ 9 ] 0x01280001
		mem[ 10 ] 0x00190003
		mem[ 11 ] 0x00240004
		mem[ 12 ] 0x00870011
		mem[ 13 ] 0x003E0006
		mem[ 14 ] 0x00090001
		mem[ 15 ] 0x0100FFF5
		mem[ 16 ] 0x01800000
		mem[ 17 ] 0xFFFFFFFF
		mem[ 18 ] 0x00000008
		mem[ 19 ] 0x00000001
		mem[ 20 ] 0x00000006
		mem[ 21 ] 0x00000005
	registers:
		reg[ 0 ] 0
		reg[ 1 ] 48
		reg[ 2 ] 5
		reg[ 3 ] 30
		reg[ 4 ] 16
		reg[ 5 ] 0
		reg[ 6 ] 5
		reg[ 7 ] -9
end state

@@@
state:
	pc 13
	memory:
		mem[ 0 ] 0x00810014
		mem[ 1 ] 0x00820015
		mem[ 2 ] 0x00840013
		mem[ 3 ] 0x00860012
		mem[ 4 ] 0x00180000
		mem[ 5 ] 0x0130000A
		mem[ 6 ] 0x00520005
		mem[ 7 ] 0x00640007
		mem[ 8 ] 0x006F0005
		mem[ 9 ] 0x01280001
		mem[ 10 ] 0x00190003
		mem[ 11 ] 0x00240004
		mem[ 12 ] 0x00870011
		mem[ 13 ] 0x003E0006
		mem[ 14 ] 0x00090001
		mem[ 15 ] 0x0100FFF5
		mem[ 16 ] 0x01800000
		mem[ 17 ] 0xFFFFFFFF
		mem[ 18 ] 0x00000008
		mem[ 19 ] 0x00000001
		mem[ 20 ] 0x00000006
		mem[ 21 ] 0x00000005
	registers:
		reg[ 0 ] 0
		reg[ 1 ] 48
		reg[ 2 ] 5
		reg[ 3 ] 30
		reg[ 4 ] 16
		reg[ 5 ] 0
		reg[ 6 ] 5
		reg[ 7 ] -1
end state

@@@
state:
	pc 14
	memory:
		mem[ 0 ] 0x00810014
		mem[ 1 ] 0x00820015
		mem[ 2 ] 0x00840013
		mem[ 3 ] 0x00860012
		mem[ 4 ] 0x00180000
		mem[ 5 ] 0x0130000A
		mem[ 6 ] 0x00520005
		mem[ 7 ] 0x00640007
		mem[ 8 ] 0x006F0005
		mem[ 9 ] 0x01280001
		mem[ 10 ] 0x00190003
		mem[ 11 ] 0x00240004
		mem[ 12 ] 0x00870011
		mem[ 13 ] 0x003E0006
		mem[ 14 ] 0x00090001
		mem[ 15 ] 0x0100FFF5
		mem[ 16 ] 0x01800000
		mem[ 17 ] 0xFFFFFFFF
		mem[ 18 ] 0x00000008
		mem[ 19 ] 0x00000001
		mem[ 20 ] 0x00000006
		mem[ 21 ] 0x00000005
	registers:
		reg[ 0 ] 0
		reg[ 1 ] 48
		reg[ 2 ] 5
		reg[ 3 ] 30
		reg[ 4 ] 16
		reg[ 5 ] 0
		reg[ 6 ] 4
		reg[ 7 ] -1
end state

@@@
state:
	pc 15
	memory:
		mem[ 0 ] 0x00810014
		mem[ 1 ] 0x00820015
		mem[ 2 ] 0x00840013
		mem[ 3 ] 0x00860012
		mem[ 4 ] 0x00180000
		mem[ 5 ] 0x0130000A
		mem[ 6 ] 0x00520005
		mem[ 7 ] 0x00640007
		mem[ 8 ] 0x006F0005
		mem[ 9 ] 0x01280001
		mem[ 10 ] 0x00190003
		mem[ 11 ] 0x00240004
		mem[ 12 ] 0x00870011
		mem[ 13 ] 0x003E0006
		mem[ 14 ] 0x00090001
		mem[ 15 ] 0x0100FFF5
		mem[ 16 ] 0x01800000
		mem[ 17 ] 0xFFFFFFFF
		mem[ 18 ] 0x00000008
		mem[ 19 ] 0x00000001
		mem[ 20 ] 0x00000006
		mem[ 21 ] 0x00000005
	registers:
		reg[ 0 ] 0
		reg[ 1 ] 96
		reg[ 2 ] 5
		reg[ 3 ] 30
		reg[ 4 ] 16
		reg[ 5 ] 0
		reg[ 6 ] 4
		reg[ 7 ] -1
end state

@@@
state:
	pc 5
	memory:
		mem[ 0 ] 0x00810014
		mem[ 1 ] 0x00820015
		mem[ 2 ] 0x00840013
		mem[ 3 ] 0x00860012
		mem[ 4 ] 0x00180000
		mem[ 5 ] 0x0130000A
		mem[ 6 ] 0x00520005
		mem[ 7 ] 0x00640007
		mem[ 8 ] 0x006F0005
		mem[ 9 ] 0x01280001
		mem[ 10 ] 0x00190003
		mem[ 11 ] 0x00240004
		mem[ 12 ] 0x00870011
		mem[ 13 ] 0x003E0006
		mem[ 14 ] 0x00090001
		mem[ 15 ] 0x0100FFF5
		mem[ 16 ] 0x01800000
		mem[ 17 ] 0xFFFFFFFF
		mem[ 18 ] 0x00000008
		mem[ 19 ] 0x00000001
		mem[ 20 ] 0x00000006
		mem[ 21 ] 0x00000005
	registers:
		reg[ 0 ] 0
		reg[ 1 ] 96
		reg[ 2 ] 5
		reg[ 3 ] 30
		reg[ 4 ] 16
		reg[ 5 ] 0
		reg[ 6 ] 4
		reg[ 7 ] -1
end state

@@@
state:
	pc 6
	memory:
		mem[ 0 ] 0x00810014
		mem[ 1 ] 0x00820015
		mem[ 2 ] 0x00840013
		mem[ 3 ] 0x00860012
		mem[ 4 ] 0x00180000
		mem[ 5 ] 0x0130000A
		mem[ 6 ] 0x00520005
		mem[ 7 ] 0x00640007
		mem[ 8 ] 0x006F0005
		mem[ 9 ] 0x01280001
		mem[ 10 ] 0x00190003
		mem[ 11 ] 0x00240004
		mem[ 12 ] 0x00870011
		mem[ 13 ] 0x003E0006
		mem[ 14 ] 0x00090001
		mem[ 15 ] 0x0100FFF5
		mem[ 16 ] 0x01800000
		mem[ 17 ] 0xFFFFFFFF
		mem[ 18 ] 0x00000008
		mem[ 19 ] 0x00000001
		mem[ 20 ] 0x00000006
		mem[ 21 ] 0x00000005
	registers:
		reg[ 0 ] 0
		reg[ 1 ] 96
		reg[ 2 ] 5
		reg[ 3 ] 30
		reg[ 4 ] 16
		reg[ 5 ] 0
		reg[ 6 ] 4
		reg[ 7 ] -1
end state

@@@
state:
	pc 7
	memory:
		mem[ 0 ] 0x00810014
		mem[ 1 ] 0x00820015
		mem[ 2 ] 0x00840013
		mem[ 3 ] 0x00860012
		mem[ 4 ] 0x00180000
		mem[ 5 ] 0x0130000A
		mem[ 6 ] 0x00520005
		mem[ 7 ] 0x00640007
		mem[ 8 ] 0x006F0005
		mem[ 9 ] 0x01280001
		mem[ 10 ] 0x00190003
		mem[ 11 ] 0x00240004
		mem[ 12 ] 0x00870011
		mem[ 13 ] 0x003E0006
		mem[ 14 ] 0x00090001
		mem[ 15 ] 0x0100FFF5
		mem[ 16 ] 0x01800000
		mem[ 17 ] 0xFFFFFFFF
		mem[ 18 ] 0x00000008
		mem[ 19 ] 0x00000001
		mem[ 20 ] 0x00000006
		mem[ 21 ] 0x00000005
	registers:
		reg[ 0 ] 0
		reg[ 1 ] 96
		reg[ 2 ] 5
		reg[ 3 ] 30
		reg[ 4 ] 16
		reg[ 5 ] -6
		reg[ 6 ] 4
		reg[ 7 ] -1
end state

@@@
state:
	pc 8
	memory:
		mem[ 0 ] 0x00810014
		mem[ 1 ] 0x00820015
		mem[ 2 ] 0x00840013
		mem[ 3 ] 0x00860012
		mem[ 4 ] 0x00180000
		mem[ 5 ] 0x0130000A
		mem[ 6 ] 0x00520005
		mem[ 7 ] 0x00640007
		mem[ 8 ] 0x006F0005
		mem[ 9 ] 0x01280001
		mem[ 10 ] 0x00190003
		mem[ 11 ] 0x00240004
		mem[ 12 ] 0x00870011
		mem[ 13 ] 0x003E0006
		mem[ 14 ] 0x00090001
		mem[ 15 ] 0x0100FFF5
		mem[ 16 ] 0x01800000
		mem[ 17 ] 0xFFFFFFFF
		mem[ 18 ] 0x00000008
		mem[ 19 ] 0x00000001
		mem[ 20 ] 0x00000006
		mem[ 21 ] 0x00000005
	registers:
		reg[ 0 ] 0
		reg[ 1 ] 96
		reg[ 2 ] 5
		reg[ 3 ] 30
		reg[ 4 ] 16
		reg[ 5 ] -6
		reg[ 6 ] 4
		reg[ 7 ] -17
end state

@@@
state:
	pc 9
	memory:
		mem[ 0 ] 0x00810014
		mem[ 1 ] 0x00820015
		mem[ 2 ] 0x00840013
		mem[ 3 ] 0x00860012
		mem[ 4 ] 0x00180000
		mem[ 5 ] 0x0130000A
		mem[ 6 ] 0x00520005
		mem[ 7 ] 0x00640007
		mem[ 8 ] 0x006F0005
		mem[ 9 ] 0x01280001
		mem[ 10 ] 0x00190003
		mem[ 11 ] 0x00240004
		mem[ 12 ] 0x00870011
		mem[ 13 ] 0x003E0006
		mem[ 14 ] 0x00090001
		mem[ 15 ] 0x0100FFF5
		mem[ 16 ] 0x01800000
		mem[ 17 ] 0xFFFFFFFF
		mem[ 18 ] 0x00000008
		mem[ 19 ] 0x00000001
		mem[ 20 ] 0x00000006
		mem[ 21 ] 0x00000005
	registers:
		reg[ 0 ] 0
		reg[ 1 ] 96
		reg[ 2 ] 5
		reg[ 3 ] 30
		reg[ 4 ] 16
		reg[ 5 ] 0
		reg[ 6 ] 4
		reg[ 7 ] -17
end state

@@@
state:
	pc 11
	memory:
		mem[ 0 ] 0x00810014
		mem[ 1 ] 0x00820015
		mem[ 2 ] 0x00840013
		mem[ 3 ] 0x00860012
		mem[ 4 ] 0x00180000
		mem[ 5 ] 0x0130000A
		mem[ 6 ] 0x00520005
		mem[ 7 ] 0x00640007
		mem[ 8 ] 0x006F0005
		mem[ 9 ] 0x01280001
		mem[ 10 ] 0x00190003
		mem[ 11 ] 0x00240004
		mem[ 12 ] 0x00870011
		mem[ 13 ] 0x003E0006
		mem[ 14 ] 0x00090001
		mem[ 15 ] 0x0100FFF5
		mem[ 16 ] 0x01800000
		mem[ 17 ] 0xFFFFFFFF
		mem[ 18 ] 0x00000008
		mem[ 19 ] 0x00000001
		mem[ 20 ] 0x00000006
		mem[ 21 ] 0x00000005
	registers:
		reg[ 0 ] 0
		reg[ 1 ] 96
		reg[ 2 ] 5
		reg[ 3 ] 30
		reg[ 4 ] 16
		reg[ 5 ] 0
		reg[ 6 ] 4
		reg[ 7 ] -17
end state

@@@
state:
	pc 12
	memory:
		mem[ 0 ] 0x00810014
		mem[ 1 ] 0x00820015
		mem[ 2 ] 0x00840013
		mem[ 3 ] 0x00860012
		mem[ 4 ] 0x00180000
		mem[ 5 ] 0x0130000A
		mem[ 6 ] 0x00520005
		mem[ 7 ] 0x00640007
		mem[ 8 ] 0x006F0005
		mem[ 9 ] 0x01280001
		mem[ 10 ] 0x00190003
		mem[ 11 ] 0x00240004
		mem[ 12 ] 0x00870011
		mem[ 13 ] 0x003E0006
		mem[ 14 ] 0x00090001
		mem[ 15 ] 0x0100FFF5
		mem[ 16 ] 0x01800000
		mem[ 17 ] 0xFFFFFFFF
		mem[ 18 ] 0x00000008
		mem[ 19 ] 0x00000001
		mem[ 20 ] 0x00000006
		mem[ 21 ] 0x00000005
	registers:
		reg[ 0 ] 0
		reg[ 1 ] 96
		reg[ 2 ] 5
		reg[ 3 ] 30
		reg[ 4 ] 32
		reg[ 5 ] 0
		reg[ 6 ] 4
		reg[ 7 ] -17
end state

@@@
state:
	pc 13
	memory:
		mem[ 0 ] 0x00810014
		mem[ 1 ] 0x00820015
		mem[ 2 ] 0x00840013
		mem[ 3 ] 0x00860012
		mem[ 4 ] 0x00180000
		mem[ 5 ] 0x0130000A
		mem[ 6 ] 0x00520005
		mem[ 7 ] 0x00640007
		mem[ 8 ] 0x006F0005
		mem[ 9 ] 0x01280001
		mem[ 10 ] 0x00190003
		mem[ 11 ] 0x00240004
		mem[ 12 ] 0x00870011
		mem[ 13 ] 0x003E0006
		mem[ 14 ] 0x00090001
		mem[ 15 ] 0x0100FFF5
		mem[ 16 ] 0x01800000
		mem[ 17 ] 0xFFFFFFFF
		mem[ 18 ] 0x00000008
		mem[ 19 ] 0x00000001
		mem[ 20 ] 0x00000006
		mem[ 21 ] 0x00000005
	registers:
		reg[ 0 ] 0
		reg[ 1 ] 96
		reg[ 2 ] 5
		reg[ 3 ] 30
		reg[ 4 ] 32
		reg[ 5 ] 0
		reg[ 6 ] 4
		reg[ 7 ] -1
end state

@@@
state:
	pc 14
	memory:
		mem[ 0 ] 0x00810014
		mem[ 1 ] 0x00820015
		mem[ 2 ] 0x00840013
		mem[ 3 ] 0x00860012
		mem[ 4 ] 0x00180000
		mem[ 5 ] 0x0130000A
		mem[ 6 ] 0x00520005
		mem[ 7 ] 0x00640007
		mem[ 8 ] 0x006F0005
		mem[ 9 ] 0x01280001
		mem[ 10 ] 0x00190003
		mem[ 11 ] 0x00240004
		mem[ 12 ] 0x00870011
		mem[ 13 ] 0x003E0006
		mem[ 14 ] 0x00090001
		mem[ 15 ] 0x0100FFF5
		mem[ 16 ] 0x01800000
		mem[ 17 ] 0xFFFFFFFF
		mem[ 18 ] 0x00000008
		mem[ 19 ] 0x00000001
		mem[ 20 ] 0x00000006
		mem[ 21 ] 0x00000005
	registers:
		reg[ 0 ] 0
		reg[ 1 ] 96
		reg[ 2 ] 5
		reg[ 3 ] 30
		reg[ 4 ] 32
		reg[ 5 ] 0
		reg[ 6 ] 3
		reg[ 7 ] -1
end state

@@@
state:
	pc 15
	memory:
		mem[ 0 ] 0x00810014
		mem[ 1 ] 0x00820015
		mem[ 2 ] 0x00840013
		mem[ 3 ] 0x00860012
		mem[ 4 ] 0x00180000
		mem[ 5 ] 0x0130000A
		mem[ 6 ] 0x00520005
		mem[ 7 ] 0x00640007
		mem[ 8 ] 0x006F0005
		mem[ 9 ] 0x01280001
		mem[ 10 ] 0x00190003
		mem[ 11 ] 0x00240004
		mem[ 12 ] 0x00870011
		mem[ 13 ] 0x003E0006
		mem[ 14 ] 0x00090001
		mem[ 15 ] 0x0100FFF5
		mem[ 16 ] 0x01800000
		mem[ 17 ] 0xFFFFFFFF
		mem[ 18 ] 0x00000008
		mem[ 19 ] 0x00000001
		mem[ 20 ] 0x00000006
		mem[ 21 ] 0x00000005
	registers:
		reg[ 0 ] 0
		reg[ 1 ] 192
		reg[ 2 ] 5
		reg[ 3 ] 30
		reg[ 4 ] 32
		reg[ 5 ] 0
		reg[ 6 ] 3
		reg[ 7 ] -1
end state

@@@
state:
	pc 5
	memory:
		mem[ 0 ] 0x00810014
		mem[ 1 ] 0x00820015
		mem[ 2 ] 0x00840013
		mem[ 3 ] 0x00860012
		mem[ 4 ] 0x00180000
		mem[ 5 ] 0x0130000A
		mem[ 6 ] 0x00520005
		mem[ 7 ] 0x00640007
		mem[ 8 ] 0x006F0005
		mem[ 9 ] 0x01280001
		mem[ 10 ] 0x00190003
		mem[ 11 ] 0x00240004
		mem[ 12 ] 0x00870011
		mem[ 13 ] 0x003E0006
		mem[ 14 ] 0x00090001
		mem[ 15 ] 0x0100FFF5
		mem[ 16 ] 0x01800000
		mem[ 17 ] 0xFFFFFFFF
		mem[ 18 ] 0x00000008
		mem[ 19 ] 0x00000001
		mem[ 20 ] 0x00000006
		mem[ 21 ] 0x00000005
	registers:
		reg[ 0 ] 0
		reg[ 1 ] 192
		reg[ 2 ] 5
		reg[ 3 ] 30
		reg[ 4 ] 32
		reg[ 5 ] 0
		reg[ 6 ] 3
		reg[ 7 ] -1
end state

@@@
state:
	pc 6
	memory:
		mem[ 0 ] 0x00810014
		mem[ 1 ] 0x00820015
		mem[ 2 ] 0x00840013
		mem[ 3 ] 0x00860012
		mem[ 4 ] 0x00180000
		mem[ 5 ] 0x0130000A
		mem[ 6 ] 0x00520005
		mem[ 7 ] 0x00640007
		mem[ 8 ] 0x006F0005
		mem[ 9 ] 0x01280001
		mem[ 10 ] 0x00190003
		mem[ 11 ] 0x00240004
		mem[ 12 ] 0x00870011
		mem[ 13 ] 0x003E0006
		mem[ 14 ] 0x00090001
		mem[ 15 ] 0x0100FFF5
		mem[ 16 ] 0x01800000
		mem[ 17 ] 0xFFFFFFFF
		mem[ 18 ] 0x00000008
		mem[ 19 ] 0x00000001
		mem[ 20 ] 0x00000006
		mem[ 21 ] 0x00000005
	registers:
		reg[ 0 ] 0
		reg[ 1 ] 192
		reg[ 2 ] 5
		reg[ 3 ] 30
		reg[ 4 ] 32
		reg[ 5 ] 0
		reg[ 6 ] 3
		reg[ 7 ] -1
end state

@@@
state:
	pc 7
	memory:
		mem[ 0 ] 0x00810014
		mem[ 1 ] 0x00820015
		mem[ 2 ] 0x00840013
		mem[ 3 ] 0x00860012
		mem[ 4 ] 0x00180000
		mem[ 5 ] 0x0130000A
		mem[ 6 ] 0x00520005
		mem[ 7 ] 0x00640007
		mem[ 8 ] 0x006F0005
		mem[ 9 ] 0x01280001
		mem[ 10 ] 0x00190003
		mem[ 11 ] 0x00240004
		mem[ 12 ] 0x00870011
		mem[ 13 ] 0x003E0006
		mem[ 14 ] 0x00090001
		mem[ 15 ] 0x0100FFF5
		mem[ 16 ] 0x01800000
		mem[ 17 ] 0xFFFFFFFF
		mem[ 18 ] 0x00000008
		mem[ 19 ] 0x00000001
		mem[ 20 ] 0x00000006
		mem[ 21 ] 0x00000005
	registers:
		reg[ 0 ] 0
		reg[ 1 ] 192
		reg[ 2 ] 5
		reg[ 3 ] 30
		reg[ 4 ] 32
		reg[ 5 ] -6
		reg[ 6 ] 3
		reg[ 7 ] -1
end state

@@@
state:
	pc 8
	memory:
		mem[ 0 ] 0x00810014
		mem[ 1 ] 0x00820015
		mem[ 2 ] 0x00840013
		mem[ 3 ] 0x00860012
		mem[ 4 ] 0x00180000
		mem[ 5 ] 0x0130000A
		mem[ 6 ] 0x00520005
		mem[ 7 ] 0x00640007
		mem[ 8 ] 0x006F0005
		mem[ 9 ] 0x01280001
		mem[ 10 ] 0x00190003
		mem[ 11 ] 0x00240004
		mem[ 12 ] 0x00870011
		mem[ 13 ] 0x003E0006
		mem[ 14 ] 0x00090001
		mem[ 15 ] 0x0100FFF5
		mem[ 16 ] 0x01800000
		mem[ 17 ] 0xFFFFFFFF
		mem[ 18 ] 0x00000008
		mem[ 19 ] 0x00000001
		mem[ 20 ] 0x00000006
		mem[ 21 ] 0x00000005
	registers:
		reg[ 0 ] 0
		reg[ 1 ] 192
		reg[ 2 ] 5
		reg[ 3 ] 30
		reg[ 4 ] 32
		reg[ 5 ] -6
		reg[ 6 ] 3
		reg[ 7 ] -33
end state

@@@
state:
	pc 9
	memory:
		mem[ 0 ] 0x00810014
		mem[ 1 ] 0x00820015
		mem[ 2 ] 0x00840013
		mem[ 3 ] 0x00860012
		mem[ 4 ] 0x00180000
		mem[ 5 ] 0x0130000A
		mem[ 6 ] 0x00520005
		mem[ 7 ] 0x00640007
		mem[ 8 ] 0x006F0005
		mem[ 9 ] 0x01280001
		mem[ 10 ] 0x00190003
		mem[ 11 ] 0x00240004
		mem[ 12 ] 0x00870011
		mem[ 13 ] 0x003E0006
		mem[ 14 ] 0x00090001
		mem[ 15 ] 0x0100FFF5
		mem[ 16 ] 0x01800000
		mem[ 17 ] 0xFFFFFFFF
		mem[ 18 ] 0x00000008
		mem[ 19 ] 0x00000001
		mem[ 20 ] 0x00000006
		mem[ 21 ] 0x00000005
	registers:
		reg[ 0 ] 0
		reg[ 1 ] 192
		reg[ 2 ] 5
		reg[ 3 ] 30
		reg[ 4 ] 32
		reg[ 5 ] 0
		reg[ 6 ] 3
		reg[ 7 ] -33
end state

@@@
state:
	pc 11
	memory:
		mem[ 0 ] 0x00810014
		mem[ 1 ] 0x00820015
		mem[ 2 ] 0x00840013
		mem[ 3 ] 0x00860012
		mem[ 4 ] 0x00180000
		mem[ 5 ] 0x0130000A
		mem[ 6 ] 0x00520005
		mem[ 7 ] 0x00640007
		mem[ 8 ] 0x006F0005
		mem[ 9 ] 0x01280001
		mem[ 10 ] 0x00190003
		mem[ 11 ] 0x00240004
		mem[ 12 ] 0x00870011
		mem[ 13 ] 0x003E0006
		mem[ 14 ] 0x00090001
		mem[ 15 ] 0x0100FFF5
		mem[ 16 ] 0x01800000
		mem[ 17 ] 0xFFFFFFFF
		mem[ 18 ] 0x00000008
		mem[ 19 ] 0x00000001
		mem[ 20 ] 0x00000006
		mem[ 21 ] 0x00000005
	registers:
		reg[ 0 ] 0
		reg[ 1 ] 192
		reg[ 2 ] 5
		reg[ 3 ] 30
		reg[ 4 ] 32
		reg[ 5 ] 0
		reg[ 6 ] 3
		reg[ 7 ] -33
end state

@@@
state:
	pc 12
	memory:
		mem[ 0 ] 0x00810014
		mem[ 1 ] 0x00820015
		mem[ 2 ] 0x00840013
		mem[ 3 ] 0x00860012
		mem[ 4 ] 0x00180000
		mem[ 5 ] 0x0130000A
		mem[ 6 ] 0x00520005
		mem[ 7 ] 0x00640007
		mem[ 8 ] 0x006F0005
		mem[ 9 ] 0x01280001
		mem[ 10 ] 0x00190003
		mem[ 11 ] 0x00240004
		mem[ 12 ] 0x00870011
		mem[ 13 ] 0x003E0006
		mem[ 14 ] 0x00090001
		mem[ 15 ] 0x0100FFF5
		mem[ 16 ] 0x01800000
		mem[ 17 ] 0xFFFFFFFF
		mem[ 18 ] 0x00000008
		mem[ 19 ] 0x00000001
		mem[ 20 ] 0x00000006
		mem[ 21 ] 0x00000005
	registers:
		reg[ 0 ] 0
		reg[ 1 ] 192
		reg[ 2 ] 5
		reg[ 3 ] 30
		reg[ 4 ] 64
		reg[ 5 ] 0
		reg[ 6 ] 3
		reg[ 7 ] -33
end state

@@@
state:
	pc 13
	memory:
		mem[ 0 ] 0x00810014
		mem[ 1 ] 0x00820015
		mem[ 2 ] 0x00840013
		mem[ 3 ] 0x00860012
		mem[ 4 ] 0x00180000
		mem[ 5 ] 0x0130000A
		mem[ 6 ] 0x00520005
		mem[ 7 ] 0x00640007
		mem[ 8 ] 0x006F0005
		mem[ 9 ] 0x01280001
		mem[ 10 ] 0x00190003
		mem[ 11 ] 0x00240004
		mem[ 12 ] 0x00870011
		mem[ 13 ] 0x003E0006
		mem[ 14 ] 0x00090001
		mem[ 15 ] 0x0100FFF5
		mem[ 16 ] 0x01800000
		mem[ 17 ] 0xFFFFFFFF
		mem[ 18 ] 0x00000008
		mem[ 19 ] 0x00000001
		mem[ 20 ] 0x00000006
		mem[ 21 ] 0x00000005
	registers:
		reg[ 0 ] 0
		reg[ 1 ] 192
		reg[ 2 ] 5
		reg[ 3 ] 30
		reg[ 4 ] 64
		reg[ 5 ] 0
		reg[ 6 ] 3
		reg[ 7 ] -1
end state

@@@
state:
	pc 14
	memory:
		mem[ 0 ] 0x00810014
		mem[ 1 ] 0x00820015
		mem[ 2 ] 0x00840013
		mem[ 3 ] 0x00860012
		mem[ 4 ] 0x00180000
		mem[ 5 ] 0x0130000A
		mem[ 6 ] 0x00520005
		mem[ 7 ] 0x00640007
		mem[ 8 ] 0x006F0005
		mem[ 9 ] 0x01280001
		mem[ 10 ] 0x00190003
		mem[ 11 ] 0x00240004
		mem[ 12 ] 0x00870011
		mem[ 13 ] 0x003E0006
		mem[ 14 ] 0x00090001
		mem[ 15 ] 0x0100FFF5
		mem[ 16 ] 0x01800000
		mem[ 17 ] 0xFFFFFFFF
		mem[ 18 ] 0x00000008
		mem[ 19 ] 0x00000001
		mem[ 20 ] 0x00000006
		mem[ 21 ] 0x00000005
	registers:
		reg[ 0 ] 0
		reg[ 1 ] 192
		reg[ 2 ] 5
		reg[ 3 ] 30
		reg[ 4 ] 64
		reg[ 5 ] 0
		reg[ 6 ] 2
		reg[ 7 ] -1
end state

@@@
state:
	pc 15
	memory:
		mem[ 0 ] 0x00810014
		mem[ 1 ] 0x00820015
		mem[ 2 ] 0x00840013
		mem[ 3 ] 0x00860012
		mem[ 4 ] 0x00180000
		mem[ 5 ] 0x0130000A
		mem[ 6 ] 0x00520005
		mem[ 7 ] 0x00640007
		mem[ 8 ] 0x006F0005
		mem[ 9 ] 0x01280001
		mem[ 10 ] 0x00190003
		mem[ 11 ] 0x00240004
		mem[ 12 ] 0x00870011
		mem[ 13 ] 0x003E0006
		mem[ 14 ] 0x00090001
		mem[ 15 ] 0x0100FFF5
		mem[ 16 ] 0x01800000
		mem[ 17 ] 0xFFFFFFFF
		mem[ 18 ] 0x00000008
		mem[ 19 ] 0x00000001
		mem[ 20 ] 0x00000006
		mem[ 21 ] 0x00000005
	registers:
		reg[ 0 ] 0
		reg[ 1 ] 384
		reg[ 2 ] 5
		reg[ 3 ] 30
		reg[ 4 ] 64
		reg[ 5 ] 0
		reg[ 6 ] 2
		reg[ 7 ] -1
end state

@@@
state:
	pc 5
	memory:
		mem[ 0 ] 0x00810014
		mem[ 1 ] 0x00820015
		mem[ 2 ] 0x00840013
		mem[ 3 ] 0x00860012
		mem[ 4 ] 0x00180000
		mem[ 5 ] 0x0130000A
		mem[ 6 ] 0x00520005
		mem[ 7 ] 0x00640007
		mem[ 8 ] 0x006F0005
		mem[ 9 ] 0x01280001
		mem[ 10 ] 0x00190003
		mem[ 11 ] 0x00240004
		mem[ 12 ] 0x00870011
		mem[ 13 ] 0x003E0006
		mem[ 14 ] 0x00090001
		mem[ 15 ] 0x0100FFF5
		mem[ 16 ] 0x01800000
		mem[ 17 ] 0xFFFFFFFF
		mem[ 18 ] 0x00000008
		mem[ 19 ] 0x00000001
		mem[ 20 ] 0x00000006
		mem[ 21 ] 0x00000005
	registers:
		reg[ 0 ] 0
		reg[ 1 ] 384
		reg[ 2 ] 5
		reg[ 3 ] 30
		reg[ 4 ] 64
		reg[ 5 ] 0
		reg[ 6 ] 2
		reg[ 7 ] -1
end state

@@@
state:
	pc 6
	memory:
		mem[ 0 ] 0x00810014
		mem[ 1 ] 0x00820015
		mem[ 2 ] 0x00840013
		mem[ 3 ] 0x00860012
		mem[ 4 ] 0x00180000
		mem[ 5 ] 0x0130000A
		mem[ 6 ] 0x00520005
		mem[ 7 ] 0x00640007
		mem[ 8 ] 0x006F0005
		mem[ 9 ] 0x01280001
		mem[ 10 ] 0x00190003
		mem[ 11 ] 0x00240004
		mem[ 12 ] 0x00870011
		mem[ 13 ] 0x003E0006
		mem[ 14 ] 0x00090001
		mem[ 15 ] 0x0100FFF5
		mem[ 16 ] 0x01800000
		mem[ 17 ] 0xFFFFFFFF
		mem[ 18 ] 0x00000008
		mem[ 19 ] 0x00000001
		mem[ 20 ] 0x00000006
		mem[ 21 ] 0x00000005
	registers:
		reg[ 0 ] 0
		reg[ 1 ] 384
		reg[ 2 ] 5
		reg[ 3 ] 30
		reg[ 4 ] 64
		reg[ 5 ] 0
		reg[ 6 ] 2
		reg[ 7 ] -1
end state

@@@
state:
	pc 7
	memory:
		mem[ 0 ] 0x00810014
		mem[ 1 ] 0x00820015
		mem[ 2 ] 0x00840013
		mem[ 3 ] 0x00860012
		mem[ 4 ] 0x00180000
		mem[ 5 ] 0x0130000A
		mem[ 6 ] 0x00520005
		mem[ 7 ] 0x00640007
		mem[ 8 ] 0x006F0005
		mem[ 9 ] 0x01280001
		mem[ 10 ] 0x00190003
		mem[ 11 ] 0x00240004
		mem[ 12 ] 0x00870011
		mem[ 13 ] 0x003E0006
		mem[ 14 ] 0x00090001
		mem[ 15 ] 0x0100FFF5
		mem[ 16 ] 0x01800000
		mem[ 17 ] 0xFFFFFFFF
		mem[ 18 ] 0x00000008
		mem[ 19 ] 0x00000001
		mem[ 20 ] 0x00000006
		mem[ 21 ] 0x00000005
	registers:
		reg[ 0 ] 0
		reg[ 1 ] 384
		reg[ 2 ] 5
		reg[ 3 ] 30
		reg[ 4 ] 64
		reg[ 5 ] -6
		reg[ 6 ] 2
		reg[ 7 ] -1
end state

@@@
state:
	pc 8
	memory:
		mem[ 0 ] 0x00810014
		mem[ 1 ] 0x00820015
		mem[ 2 ] 0x00840013
		mem[ 3 ] 0x00860012
		mem[ 4 ] 0x00180000
		mem[ 5 ] 0x0130000A
		mem[ 6 ] 0x00520005
		mem[ 7 ] 0x00640007
		mem[ 8 ] 0x006F0005
		mem[ 9 ] 0x01280001
		mem[ 10 ] 0x00190003
		mem[ 11 ] 0x00240004
		mem[ 12 ] 0x00870011
		mem[ 13 ] 0x003E0006
		mem[ 14 ] 0x00090001
		mem[ 15 ] 0x0100FFF5
		mem[ 16 ] 0x01800000
		mem[ 17 ] 0xFFFFFFFF
		mem[ 18 ] 0x00000008
		mem[ 19 ] 0x00000001
		mem[ 20 ] 0x00000006
		mem[ 21 ] 0x00000005
	registers:
		reg[ 0 ] 0
		reg[ 1 ] 384
		reg[ 2 ] 5
		reg[ 3 ] 30
		reg[ 4 ] 64
		reg[ 5 ] -6
		reg[ 6 ] 2
		reg[ 7 ] -65
end state

@@@
state:
	pc 9
	memory:
		mem[ 0 ] 0x00810014
		mem[ 1 ] 0x00820015
		mem[ 2 ] 0x00840013
		mem[ 3 ] 0x00860012
		mem[ 4 ] 0x00180000
		mem[ 5 ] 0x0130000A
		mem[ 6 ] 0x00520005
		mem[ 7 ] 0x00640007
		mem[ 8 ] 0x006F0005
		mem[ 9 ] 0x01280001
		mem[ 10 ] 0x00190003
		mem[ 11 ] 0x00240004
		mem[ 12 ] 0x00870011
		mem[ 13 ] 0x003E0006
		mem[ 14 ] 0x00090001
		mem[ 15 ] 0x0100FFF5
		mem[ 16 ] 0x01800000
		mem[ 17 ] 0xFFFFFFFF
		mem[ 18 ] 0x00000008
		mem[ 19 ] 0x00000001
		mem[ 20 ] 0x00000006
		mem[ 21 ] 0x00000005
	registers:
		reg[ 0 ] 0
		reg[ 1 ] 384
		reg[ 2 ] 5
		reg[ 3 ] 30
		reg[ 4 ] 64
		reg[ 5 ] 0
		reg[ 6 ] 2
		reg[ 7 ] -65
end state

@@@
state:
	pc 11
	memory:
		mem[ 0 ] 0x00810014
		mem[ 1 ] 0x00820015
		mem[ 2 ] 0x00840013
		mem[ 3 ] 0x00860012
		mem[ 4 ] 0x00180000
		mem[ 5 ] 0x0130000A
		mem[ 6 ] 0x00520005
		mem[ 7 ] 0x00640007
		mem[ 8 ] 0x006F0005
		mem[ 9 ] 0x01280001
		mem[ 10 ] 0x00190003
		mem[ 11 ] 0x00240004
		mem[ 12 ] 0x00870011
		mem[ 13 ] 0x003E0006
		mem[ 14 ] 0x00090001
		mem[ 15 ] 0x0100FFF5
		mem[ 16 ] 0x01800000
		mem[ 17 ] 0xFFFFFFFF
		mem[ 18 ] 0x00000008
		mem[ 19 ] 0x00000001
		mem[ 20 ] 0x00000006
		mem[ 21 ] 0x00000005
	registers:
		reg[ 0 ] 0
		reg[ 1 ] 384
		reg[ 2 ] 5
		reg[ 3 ] 30
		reg[ 4 ] 64
		reg[ 5 ] 0
		reg[ 6 ] 2
		reg[ 7 ] -65
end state

@@@
state:
	pc 12
	memory:
		mem[ 0 ] 0x00810014
		mem[ 1 ] 0x00820015
		mem[ 2 ] 0x00840013
		mem[ 3 ] 0x00860012
		mem[ 4 ] 0x00180000
		mem[ 5 ] 0x0130000A
		mem[ 6 ] 0x00520005
		mem[ 7 ] 0x00640007
		mem[ 8 ] 0x006F0005
		mem[ 9 ] 0x01280001
		mem[ 10 ] 0x00190003
		mem[ 11 ] 0x00240004
		mem[ 12 ] 0x00870011
		mem[ 13 ] 0x003E0006
		mem[ 14 ] 0x00090001
		mem[ 15 ] 0x0100FFF5
		mem[ 16 ] 0x01800000
		mem[ 17 ] 0xFFFFFFFF
		mem[ 18 ] 0x00000008
		mem[ 19 ] 0x00000001
		mem[ 20 ] 0x00000006
		mem[ 21 ] 0x00000005
	registers:
		reg[ 0 ] 0
		reg[ 1 ] 384
		reg[ 2 ] 5
		reg[ 3 ] 30
		reg[ 4 ] 128
		reg[ 5 ] 0
		reg[ 6 ] 2
		reg[ 7 ] -65
end state

@@@
state:
	pc 13
	memory:
		mem[ 0 ] 0x00810014
		mem[ 1 ] 0x00820015
		mem[ 2 ] 0x00840013
		mem[ 3 ] 0x00860012
		mem[ 4 ] 0x00180000
		mem[ 5 ] 0x0130000A
		mem[ 6 ] 0x00520005
		mem[ 7 ] 0x00640007
		mem[ 8 ] 0x006F0005
		mem[ 9 ] 0x01280001
		mem[ 10 ] 0x00190003
		mem[ 11 ] 0x00240004
		mem[ 12 ] 0x00870011
		mem[ 13 ] 0x003E0006
		mem[ 14 ] 0x00090001
		mem[ 15 ] 0x0100FFF5
		mem[ 16 ] 0x01800000
		mem[ 17 ] 0xFFFFFFFF
		mem[ 18 ] 0x00000008
		mem[ 19 ] 0x00000001
		mem[ 20 ] 0x00000006
		mem[ 21 ] 0x00000005
	registers:
		reg[ 0 ] 0
		reg[ 1 ] 384
		reg[ 2 ] 5
		reg[ 3 ] 30
		reg[ 4 ] 128
		reg[ 5 ] 0
		reg[ 6 ] 2
		reg[ 7 ] -1
end state

@@@
state:
	pc 14
	memory:
		mem[ 0 ] 0x00810014
		mem[ 1 ] 0x00820015
		mem[ 2 ] 0x00840013
		mem[ 3 ] 0x00860012
		mem[ 4 ] 0x00180000
		mem[ 5 ] 0x0130000A
		mem[ 6 ] 0x00520005
		mem[ 7 ] 0x00640007
		mem[ 8 ] 0x006F0005
		mem[ 9 ] 0x01280001
		mem[ 10 ] 0x00190003
		mem[ 11 ] 0x00240004
		mem[ 12 ] 0x00870011
		mem[ 13 ] 0x003E0006
		mem[ 14 ] 0x00090001
		mem[ 15 ] 0x0100FFF5
		mem[ 16 ] 0x01800000
		mem[ 17 ] 0xFFFFFFFF
		mem[ 18 ] 0x00000008
		mem[ 19 ] 0x00000001
		mem[ 20 ] 0x00000006
		mem[ 21 ] 0x00000005
	registers:
		reg[ 0 ] 0
		reg[ 1 ] 384
		reg[ 2 ] 5
		reg[ 3 ] 30
		reg[ 4 ] 128
		reg[ 5 ] 0
		reg[ 6 ] 1
		reg[ 7 ] -1
end state

@@@
state:
	pc 15
	memory:
		mem[ 0 ] 0x00810014
		mem[ 1 ] 0x00820015
		mem[ 2 ] 0x00840013
		mem[ 3 ] 0x00860012
		mem[ 4 ] 0x00180000
		mem[ 5 ] 0x0130000A
		mem[ 6 ] 0x00520005
		mem[ 7 ] 0x00640007
		mem[ 8 ] 0x006F0005
		mem[ 9 ] 0x01280001
		mem[ 10 ] 0x00190003
		mem[ 11 ] 0x00240004
		mem[ 12 ] 0x00870011
		mem[ 13 ] 0x003E0006
		mem[ 14 ] 0x00090001
		mem[ 15 ] 0x0100FFF5
		mem[ 16 ] 0x01800000
		mem[ 17 ] 0xFFFFFFFF
		mem[ 18 ] 0x00000008
		mem[ 19 ] 0x00000001
		mem[ 20 ] 0x00000006
		mem[ 21 ] 0x00000005
	registers:
		reg[ 0 ] 0
		reg[ 1 ] 768
		reg[ 2 ] 5
		reg[ 3 ] 30
		reg[ 4 ] 128
		reg[ 5 ] 0
		reg[ 6 ] 1
		reg[ 7 ] -1
end state

@@@
state:
	pc 5
	memory:
		mem[ 0 ] 0x00810014
		mem[ 1 ] 0x00820015
		mem[ 2 ] 0x00840013
		mem[ 3 ] 0x00860012
		mem[ 4 ] 0x00180000
		mem[ 5 ] 0x0130000A
		mem[ 6 ] 0x00520005
		mem[ 7 ] 0x00640007
		mem[ 8 ] 0x006F0005
		mem[ 9 ] 0x01280001
		mem[ 10 ] 0x00190003
		mem[ 11 ] 0x00240004
		mem[ 12 ] 0x00870011
		mem[ 13 ] 0x003E0006
		mem[ 14 ] 0x00090001
		mem[ 15 ] 0x0100FFF5
		mem[ 16 ] 0x01800000
		mem[ 17 ] 0xFFFFFFFF
		mem[ 18 ] 0x00000008
		mem[ 19 ] 0x00000001
		mem[ 20 ] 0x00000006
		mem[ 21 ] 0x00000005
	registers:
		reg[ 0 ] 0
		reg[ 1 ] 768
		reg[ 2 ] 5
		reg[ 3 ] 30
		reg[ 4 ] 128
		reg[ 5 ] 0
		reg[ 6 ] 1
		reg[ 7 ] -1
end state

@@@
state:
	pc 6
	memory:
		mem[ 0 ] 0x00810014
		mem[ 1 ] 0x00820015
		mem[ 2 ] 0x00840013
		mem[ 3 ] 0x00860012
		mem[ 4 ] 0x00180000
		mem[ 5 ] 0x0130000A
		mem[ 6 ] 0x00520005
		mem[ 7 ] 0x00640007
		mem[ 8 ] 0x006F0005
		mem[ 9 ] 0x01280001
		mem[ 10 ] 0x00190003
		mem[ 11 ] 0x00240004
		mem[ 12 ] 0x00870011
		mem[ 13 ] 0x003E0006
		mem[ 14 ] 0x00090001
		mem[ 15 ] 0x0100FFF5
		mem[ 16 ] 0x01800000
		mem[ 17 ] 0xFFFFFFFF
		mem[ 18 ] 0x00000008
		mem[ 19 ] 0x00000001
		mem[ 20 ] 0x00000006
		mem[ 21 ] 0x00000005
	registers:
		reg[ 0 ] 0
		reg[ 1 ] 768
		reg[ 2 ] 5
		reg[ 3 ] 30
		reg[ 4 ] 128
		reg[ 5 ] 0
		reg[ 6 ] 1
		reg[ 7 ] -1
end state

@@@
state:
	pc 7
	memory:
		mem[ 0 ] 0x00810014
		mem[ 1 ] 0x00820015
		mem[ 2 ] 0x00840013
		mem[ 3 ] 0x00860012
		mem[ 4 ] 0x00180000
		mem[ 5 ] 0x0130000A
		mem[ 6 ] 0x00520005
		mem[ 7 ] 0x00640007
		mem[ 8 ] 0x006F0005
		mem[ 9 ] 0x01280001
		mem[ 10 ] 0x00190003
		mem[ 11 ] 0x00240004
		mem[ 12 ] 0x00870011
		mem[ 13 ] 0x003E0006
		mem[ 14 ] 0x00090001
		mem[ 15 ] 0x0100FFF5
		mem[ 16 ] 0x01800000
		mem[ 17 ] 0xFFFFFFFF
		mem[ 18 ] 0x00000008
		mem[ 19 ] 0x00000001
		mem[ 20 ] 0x00000006
		mem[ 21 ] 0x00000005
	registers:
		reg[ 0 ] 0
		reg[ 1 ] 768
		reg[ 2 ] 5
		reg[ 3 ] 30
		reg[ 4 ] 128
		reg[ 5 ] -6
		reg[ 6 ] 1
		reg[ 7 ] -1
end state

@@@
state:
	pc 8
	memory:
		mem[ 0 ] 0x00810014
		mem[ 1 ] 0x00820015
		mem[ 2 ] 0x00840013
		mem[ 3 ] 0x00860012
		mem[ 4 ] 0x00180000
		mem[ 5 ] 0x0130000A
		mem[ 6 ] 0x00520005
		mem[ 7 ] 0x00640007
		mem[ 8 ] 0x006F0005
		mem[ 9 ] 0x01280001
		mem[ 10 ] 0x00190003
		mem[ 11 ] 0x00240004
		mem[ 12 ] 0x00870011
		mem[ 13 ] 0x003E0006
		mem[ 14 ] 0x00090001
		mem[ 15 ] 0x0100FFF5
		mem[ 16 ] 0x01800000
		mem[ 17 ] 0xFFFFFFFF
		mem[ 18 ] 0x00000008
		mem[ 19 ] 0x00000001
		mem[ 20 ] 0x00000006
		mem[ 21 ] 0x00000005
	registers:
		reg[ 0 ] 0
		reg[ 1 ] 768
		reg[ 2 ] 5
		reg[ 3 ] 30
		reg[ 4 ] 128
		reg[ 5 ] -6
		reg[ 6 ] 1
		reg[ 7 ] -129
end state

@@@
state:
	pc 9
	memory:
		mem[ 0 ] 0x00810014
		mem[ 1 ] 0x00820015
		mem[ 2 ] 0x00840013
		mem[ 3 ] 0x00860012
		mem[ 4 ] 0x00180000
		mem[ 5 ] 0x0130000A
		mem[ 6 ] 0x00520005
		mem[ 7 ] 0x00640007
		mem[ 8 ] 0x006F0005
		mem[ 9 ] 0x01280001
		mem[ 10 ] 0x00190003
		mem[ 11 ] 0x00240004
		mem[ 12 ] 0x00870011
		mem[ 13 ] 0x003E0006
		mem[ 14 ] 0x00090001
		mem[ 15 ] 0x0100FFF5
		mem[ 16 ] 0x01800000
		mem[ 17 ] 0xFFFFFFFF
		mem[ 18 ] 0x00000008
		mem[ 19 ] 0x00000001
		mem[ 20 ] 0x00000006
		mem[ 21 ] 0x00000005
	registers:
		reg[ 0 ] 0
		reg[ 1 ] 768
		reg[ 2 ] 5
		reg[ 3 ] 30
		reg[ 4 ] 128
		reg[ 5 ] 0
		reg[ 6 ] 1
		reg[ 7 ] -129
end state

@@@
state:
	pc 11
	memory:
		mem[ 0 ] 0x00810014
		mem[ 1 ] 0x00820015
		mem[ 2 ] 0x00840013
		mem[ 3 ] 0x00860012
		mem[ 4 ] 0x00180000
		mem[ 5 ] 0x0130000A
		mem[ 6 ] 0x00520005
		mem[ 7 ] 0x00640007
		mem[ 8 ] 0x006F0005
		mem[ 9 ] 0x01280001
		mem[ 10 ] 0x00190003
		mem[ 11 ] 0x00240004
		mem[ 12 ] 0x00870011
		mem[ 13 ] 0x003E0006
		mem[ 14 ] 0x00090001
		mem[ 15 ] 0x0100FFF5
		mem[ 16 ] 0x01800000
		mem[ 17 ] 0xFFFFFFFF
		mem[ 18 ] 0x00000008
		mem[ 19 ] 0x00000001
		mem[ 20 ] 0x00000006
		mem[ 21 ] 0x00000005
	registers:
		reg[ 0 ] 0
		reg[ 1 ] 768
		reg[ 2 ] 5
		reg[ 3 ] 30
		reg[ 4 ] 128
		reg[ 5 ] 0
		reg[ 6 ] 1
		reg[ 7 ] -129
end state

@@@
state:
	pc 12
	memory:
		mem[ 0 ] 0x00810014
		mem[ 1 ] 0x00820015
		mem[ 2 ] 0x00840013
		mem[ 3 ] 0x00860012
		mem[ 4 ] 0x00180000
		mem[ 5 ] 0x0130000A
		mem[ 6 ] 0x00520005
		mem[ 7 ] 0x00640007
		mem[ 8 ] 0x006F0005
		mem[ 9 ] 0x01280001
		mem[ 10 ] 0x00190003
		mem[ 11 ] 0x00240004
		mem[ 12 ] 0x00870011
		mem[ 13 ] 0x003E0006
		mem[ 14 ] 0x00090001
		mem[ 15 ] 0x0100FFF5
		mem[ 16 ] 0x01800000
		mem[ 17 ] 0xFFFFFFFF
		mem[ 18 ] 0x00000008
		mem[ 19 ] 0x00000001
		mem[ 20 ] 0x00000006
		mem[ 21 ] 0x00000005
	registers:
		reg[ 0 ] 0
		reg[ 1 ] 768
		reg[ 2 ] 5
		reg[ 3 ] 30
		reg[ 4 ] 256
		reg[ 5 ] 0
		reg[ 6 ] 1
		reg[ 7 ] -129
end state

@@@
state:
	pc 13
	memory:
		mem[ 0 ] 0x00810014
		mem[ 1 ] 0x00820015
		mem[ 2 ] 0x00840013
		mem[ 3 ] 0x00860012
		mem[ 4 ] 0x00180000
		mem[ 5 ] 0x0130000A
		mem[ 6 ] 0x00520005
		mem[ 7 ] 0x00640007
		mem[ 8 ] 0x006F0005
		mem[ 9 ] 0x01280001
		mem[ 10 ] 0x00190003
		mem[ 11 ] 0x00240004
		mem[ 12 ] 0x00870011
		mem[ 13 ] 0x003E0006
		mem[ 14 ] 0x00090001
		mem[ 15 ] 0x0100FFF5
		mem[ 16 ] 0x01800000
		mem[ 17 ] 0xFFFFFFFF
		mem[ 18 ] 0x00000008
		mem[ 19 ] 0x00000001
		mem[ 20 ] 0x00000006
		mem[ 21 ] 0x00000005
	registers:
		reg[ 0 ] 0
		reg[ 1 ] 768
		reg[ 2 ] 5
		reg[ 3 ] 30
		reg[ 4 ] 256
		reg[ 5 ] 0
		reg[ 6 ] 1
		reg[ 7 ] -1
end state

@@@
state:
	pc 14
	memory:
		mem[ 0 ] 0x00810014
		mem[ 1 ] 0x00820015
		mem[ 2 ] 0x00840013
		mem[ 3 ] 0x00860012
		mem[ 4 ] 0x00180000
		mem[ 5 ] 0x0130000A
		mem[ 6 ] 0x00520005
		mem[ 7 ] 0x00640007
		mem[ 8 ] 0x006F0005
		mem[ 9 ] 0x01280001
		mem[ 10 ] 0x00190003
		mem[ 11 ] 0x00240004
		mem[ 12 ] 0x00870011
		mem[ 13 ] 0x003E0006
		mem[ 14 ] 0x00090001
		mem[ 15 ] 0x0100FFF5
		mem[ 16 ] 0x01800000
		mem[ 17 ] 0xFFFFFFFF
		mem[ 18 ] 0x00000008
		mem[ 19 ] 0x00000001
		mem[ 20 ] 0x00000006
		mem[ 21 ] 0x00000005
	registers:
		reg[ 0 ] 0
		reg[ 1 ] 768
		reg[ 2 ] 5
		reg[ 3 ] 30
		reg[ 4 ] 256
		reg[ 5 ] 0
		reg[ 6 ] 0
		reg[ 7 ] -1
end state

@@@
state:
	pc 15
	memory:
		mem[ 0 ] 0x00810014
		mem[ 1 ] 0x00820015
		mem[ 2 ] 0x00840013
		mem[ 3 ] 0x00860012
		mem[ 4 ] 0x00180000
		mem[ 5 ] 0x0130000A
		mem[ 6 ] 0x00520005
		mem[ 7 ] 0x00640007
		mem[ 8 ] 0x006F0005
		mem[ 9 ] 0x01280001
		mem[ 10 ] 0x00190003
		mem[ 11 ] 0x00240004
		mem[ 12 ] 0x00870011
		mem[ 13 ] 0x003E0006
		mem[ 14 ] 0x00090001
		mem[ 15 ] 0x0100FFF5
		mem[ 16 ] 0x01800000
		mem[ 17 ] 0xFFFFFFFF
		mem[ 18 ] 0x00000008
		mem[ 19 ] 0x00000001
		mem[ 20 ] 0x00000006
		mem[ 21 ] 0x00000005
	registers:
		reg[ 0 ] 0
		reg[ 1 ] 1536
		reg[ 2 ] 5
		reg[ 3 ] 30
		reg[ 4 ] 256
		reg[ 5 ] 0
		reg[ 6 ] 0
		reg[ 7 ] -1
end state

@@@
state:
	pc 5
	memory:
		mem[ 0 ] 0x00810014
		mem[ 1 ] 0x00820015
		mem[ 2 ] 0x00840013
		mem[ 3 ] 0x00860012
		mem[ 4 ] 0x00180000
		mem[ 5 ] 0x0130000A
		mem[ 6 ] 0x00520005
		mem[ 7 ] 0x00640007
		mem[ 8 ] 0x006F0005
		mem[ 9 ] 0x01280001
		mem[ 10 ] 0x00190003
		mem[ 11 ] 0x00240004
		mem[ 12 ] 0x00870011
		mem[ 13 ] 0x003E0006
		mem[ 14 ] 0x00090001
		mem[ 15 ] 0x0100FFF5
		mem[ 16 ] 0x01800000
		mem[ 17 ] 0xFFFFFFFF
		mem[ 18 ] 0x00000008
		mem[ 19 ] 0x00000001
		mem[ 20 ] 0x00000006
		mem[ 21 ] 0x00000005
	registers:
		reg[ 0 ] 0
		reg[ 1 ] 1536
		reg[ 2 ] 5
		reg[ 3 ] 30
		reg[ 4 ] 256
		reg[ 5 ] 0
		reg[ 6 ] 0
		reg[ 7 ] -1
end state

@@@
state:
	pc 16
	memory:
		mem[ 0 ] 0x00810014
		mem[ 1 ] 0x00820015
		mem[ 2 ] 0x00840013
		mem[ 3 ] 0x00860012
		mem[ 4 ] 0x00180000
		mem[ 5 ] 0x0130000A
		mem[ 6 ] 0x00520005
		mem[ 7 ] 0x00640007
		mem[ 8 ] 0x006F0005
		mem[ 9 ] 0x01280001
		mem[ 10 ] 0x00190003
		mem[ 11 ] 0x00240004
		mem[ 12 ] 0x00870011
		mem[ 13 ] 0x003E0006
		mem[ 14 ] 0x00090001
		mem[ 15 ] 0x0100FFF5
		mem[ 16 ] 0x01800000
		mem[ 17 ] 0xFFFFFFFF
		mem[ 18 ] 0x00000008
		mem[ 19 ] 0x00000001
		mem[ 20 ] 0x00000006
		mem[ 21 ] 0x00000005
	registers:
		reg[ 0 ] 0
		reg[ 1 ] 1536
		reg[ 2 ] 5
		reg[ 3 ] 30
		reg[ 4 ] 256
		reg[ 5 ] 0
		reg[ 6 ] 0
		reg[ 7 ] -1
end state
machine halted
total of 89 instructions executed
final state of machine:

@@@
state:
	pc 17
	memory:
		mem[ 0 ] 0x00810014
		mem[ 1 ] 0x00820015
		mem[ 2 ] 0x00840013
		mem[ 3 ] 0x00860012
		mem[ 4 ] 0x00180000
		mem[ 5 ] 0x0130000A
		mem[ 6 ] 0x00520005
		mem[ 7 ] 0x00640007
		mem[ 8 ] 0x006F0005
		mem[ 9 ] 0x01280001
		mem[ 10 ] 0x00190003
		mem[ 11 ] 0x00240004
		mem[ 12 ] 0x00870011
		mem[ 13 ] 0x003E0006
		mem[ 14 ] 0x00090001
		mem[ 15 ] 0x0100FFF5
		mem[ 16 ] 0x01800000
		mem[ 17 ] 0xFFFFFFFF
		mem[ 18 ] 0x00000008
		mem[ 19 ] 0x00000001
		mem[ 20 ] 0x00000006
		mem[ 21 ] 0x00000005
	registers:
		reg[ 0 ] 0
		reg[ 1 ] 1536
		reg[ 2 ] 5
		reg[ 3 ] 30
		reg[ 4 ] 256
		reg[ 5 ] 0
		reg[ 6 ] 0
		reg[ 7 ] -1
end state
